<?xml version="1.0" encoding="UTF-8"?>
<testsuite xmlns:xsi="http://www.w3.org/2001/XMLSchema-instance" xsi:noNamespaceSchemaLocation="https://maven.apache.org/surefire/maven-surefire-plugin/xsd/surefire-test-report.xsd" name="pers.jd.controller.MaterialControllerTest" time="3.357" tests="2" errors="1" skipped="0" failures="1">
  <properties>
[...]
</properties>
  <testcase name="should_get_items_list" classname="pers.jd.controller.MaterialControllerTest" time="2.664">
    <error message="Request processing failed; nested exception is java.lang.NullPointerException" type="org.springframework.web.util.NestedServletException">org.springframework.web.util.NestedServletException: Request processing failed; nested exception is java.lang.NullPointerException
	at pers.jd.controller.MaterialControllerTest.should_get_items_list(MaterialControllerTest.java:90)
Caused by: java.lang.NullPointerException
	at pers.jd.controller.MaterialControllerTest.should_get_items_list(MaterialControllerTest.java:90)
</error>
    <system-out><![CDATA[18:40:26.078 [main] DEBUG org.springframework.core.env.StandardEnvironment - Adding PropertySource 'systemProperties' with lowest search precedence
18:40:26.086 [main] DEBUG org.springframework.core.env.StandardEnvironment - Adding PropertySource 'systemEnvironment' with lowest search precedence
18:40:26.088 [main] DEBUG org.springframework.core.env.StandardEnvironment - Initialized StandardEnvironment with PropertySources [MapPropertySource@398110318 {name='systemProperties', properties={idea.version=2021.3.3, java.runtime.name=Java(TM) SE Runtime Environment, sun.boot.library.path=/Library/Java/JavaVirtualMachines/jdk1.8.0_311.jdk/Contents/Home/jre/lib, java.vm.version=25.311-b11, gopherProxySet=false, java.vm.vendor=Oracle Corporation, java.vendor.url=http://java.oracle.com/, path.separator=:, java.vm.name=Java HotSpot(TM) 64-Bit Server VM, file.encoding.pkg=sun.io, user.country=CN, sun.java.launcher=SUN_STANDARD, sun.os.patch.level=unknown, java.vm.specification.name=Java Virtual Machine Specification, user.dir=/Volumes/Elements SE/BackupData/毕业论文/毕业设计代码/MS_ERP/erp-production, java.runtime.version=1.8.0_311-b11, basedir=/Volumes/Elements SE/BackupData/毕业论文/毕业设计代码/MS_ERP/erp-production, java.awt.graphicsenv=sun.awt.CGraphicsEnvironment, java.endorsed.dirs=/Library/Java/JavaVirtualMachines/jdk1.8.0_311.jdk/Contents/Home/jre/lib/endorsed, os.arch=x86_64, surefire.real.class.path=/Volumes/Elements SE/BackupData/毕业论文/毕业设计代码/MS_ERP/erp-production/target/surefire/surefirebooter3194185437572429259.jar, java.io.tmpdir=/var/folders/b2/2ybj9qc94ldfb8ghb65fqnvw0000gn/T/, line.separator=
, java.vm.specification.vendor=Oracle Corporation, os.name=Mac OS X, sun.jnu.encoding=UTF-8, java.library.path=/Users/asia/Library/Java/Extensions:/Library/Java/Extensions:/Network/Library/Java/Extensions:/System/Library/Java/Extensions:/usr/lib/java:., surefire.test.class.path=/Volumes/Elements SE/BackupData/毕业论文/毕业设计代码/MS_ERP/erp-production/target/test-classes:/Volumes/Elements SE/BackupData/毕业论文/毕业设计代码/MS_ERP/erp-production/target/classes:/Users/asia/.m2/repository/org/springframework/boot/spring-boot-starter-web/2.0.3.RELEASE/spring-boot-starter-web-2.0.3.RELEASE.jar:/Users/asia/.m2/repository/org/springframework/boot/spring-boot-starter/2.0.3.RELEASE/spring-boot-starter-2.0.3.RELEASE.jar:/Users/asia/.m2/repository/org/springframework/boot/spring-boot-starter-logging/2.0.3.RELEASE/spring-boot-starter-logging-2.0.3.RELEASE.jar:/Users/asia/.m2/repository/ch/qos/logback/logback-classic/1.2.3/logback-classic-1.2.3.jar:/Users/asia/.m2/repository/ch/qos/logback/logback-core/1.2.3/logback-core-1.2.3.jar:/Users/asia/.m2/repository/org/apache/logging/log4j/log4j-to-slf4j/2.10.0/log4j-to-slf4j-2.10.0.jar:/Users/asia/.m2/repository/org/slf4j/jul-to-slf4j/1.7.25/jul-to-slf4j-1.7.25.jar:/Users/asia/.m2/repository/javax/annotation/javax.annotation-api/1.3.2/javax.annotation-api-1.3.2.jar:/Users/asia/.m2/repository/org/yaml/snakeyaml/1.19/snakeyaml-1.19.jar:/Users/asia/.m2/repository/org/springframework/boot/spring-boot-starter-json/2.0.3.RELEASE/spring-boot-starter-json-2.0.3.RELEASE.jar:/Users/asia/.m2/repository/com/fasterxml/jackson/datatype/jackson-datatype-jdk8/2.9.6/jackson-datatype-jdk8-2.9.6.jar:/Users/asia/.m2/repository/com/fasterxml/jackson/datatype/jackson-datatype-jsr310/2.9.6/jackson-datatype-jsr310-2.9.6.jar:/Users/asia/.m2/repository/com/fasterxml/jackson/module/jackson-module-parameter-names/2.9.6/jackson-module-parameter-names-2.9.6.jar:/Users/asia/.m2/repository/org/springframework/boot/spring-boot-starter-tomcat/2.0.3.RELEASE/spring-boot-starter-tomcat-2.0.3.RELEASE.jar:/Users/asia/.m2/repository/org/apache/tomcat/embed/tomcat-embed-core/8.5.31/tomcat-embed-core-8.5.31.jar:/Users/asia/.m2/repository/org/apache/tomcat/embed/tomcat-embed-el/8.5.31/tomcat-embed-el-8.5.31.jar:/Users/asia/.m2/repository/org/apache/tomcat/embed/tomcat-embed-websocket/8.5.31/tomcat-embed-websocket-8.5.31.jar:/Users/asia/.m2/repository/org/hibernate/validator/hibernate-validator/6.0.10.Final/hibernate-validator-6.0.10.Final.jar:/Users/asia/.m2/repository/javax/validation/validation-api/2.0.1.Final/validation-api-2.0.1.Final.jar:/Users/asia/.m2/repository/org/jboss/logging/jboss-logging/3.3.2.Final/jboss-logging-3.3.2.Final.jar:/Users/asia/.m2/repository/com/fasterxml/classmate/1.3.4/classmate-1.3.4.jar:/Users/asia/.m2/repository/org/springframework/spring-web/5.0.7.RELEASE/spring-web-5.0.7.RELEASE.jar:/Users/asia/.m2/repository/org/springframework/spring-beans/5.0.7.RELEASE/spring-beans-5.0.7.RELEASE.jar:/Users/asia/.m2/repository/org/springframework/spring-webmvc/5.0.7.RELEASE/spring-webmvc-5.0.7.RELEASE.jar:/Users/asia/.m2/repository/org/springframework/spring-aop/5.0.7.RELEASE/spring-aop-5.0.7.RELEASE.jar:/Users/asia/.m2/repository/org/springframework/spring-context/5.0.7.RELEASE/spring-context-5.0.7.RELEASE.jar:/Users/asia/.m2/repository/org/springframework/spring-expression/5.0.7.RELEASE/spring-expression-5.0.7.RELEASE.jar:/Users/asia/.m2/repository/org/springframework/cloud/spring-cloud-starter-netflix-eureka-client/2.0.0.RELEASE/spring-cloud-starter-netflix-eureka-client-2.0.0.RELEASE.jar:/Users/asia/.m2/repository/org/springframework/cloud/spring-cloud-starter/2.0.0.RELEASE/spring-cloud-starter-2.0.0.RELEASE.jar:/Users/asia/.m2/repository/org/springframework/cloud/spring-cloud-context/2.0.0.RELEASE/spring-cloud-context-2.0.0.RELEASE.jar:/Users/asia/.m2/repository/org/springframework/security/spring-security-rsa/1.0.5.RELEASE/spring-security-rsa-1.0.5.RELEASE.jar:/Users/asia/.m2/repository/org/bouncycastle/bcpkix-jdk15on/1.56/bcpkix-jdk15on-1.56.jar:/Users/asia/.m2/repository/org/bouncycastle/bcprov-jdk15on/1.56/bcprov-jdk15on-1.56.jar:/Users/asia/.m2/repository/org/springframework/cloud/spring-cloud-netflix-core/2.0.0.RELEASE/spring-cloud-netflix-core-2.0.0.RELEASE.jar:/Users/asia/.m2/repository/org/springframework/boot/spring-boot-starter-aop/2.0.3.RELEASE/spring-boot-starter-aop-2.0.3.RELEASE.jar:/Users/asia/.m2/repository/org/aspectj/aspectjweaver/1.8.13/aspectjweaver-1.8.13.jar:/Users/asia/.m2/repository/org/springframework/cloud/spring-cloud-netflix-eureka-client/2.0.0.RELEASE/spring-cloud-netflix-eureka-client-2.0.0.RELEASE.jar:/Users/asia/.m2/repository/com/netflix/eureka/eureka-client/1.9.2/eureka-client-1.9.2.jar:/Users/asia/.m2/repository/org/codehaus/jettison/jettison/1.3.7/jettison-1.3.7.jar:/Users/asia/.m2/repository/stax/stax-api/1.0.1/stax-api-1.0.1.jar:/Users/asia/.m2/repository/com/netflix/netflix-commons/netflix-eventbus/0.3.0/netflix-eventbus-0.3.0.jar:/Users/asia/.m2/repository/com/netflix/netflix-commons/netflix-infix/0.3.0/netflix-infix-0.3.0.jar:/Users/asia/.m2/repository/commons-jxpath/commons-jxpath/1.3/commons-jxpath-1.3.jar:/Users/asia/.m2/repository/org/antlr/antlr-runtime/3.4/antlr-runtime-3.4.jar:/Users/asia/.m2/repository/org/antlr/stringtemplate/3.2.1/stringtemplate-3.2.1.jar:/Users/asia/.m2/repository/antlr/antlr/2.7.7/antlr-2.7.7.jar:/Users/asia/.m2/repository/com/google/code/gson/gson/2.8.5/gson-2.8.5.jar:/Users/asia/.m2/repository/org/apache/commons/commons-math/2.2/commons-math-2.2.jar:/Users/asia/.m2/repository/com/netflix/archaius/archaius-core/0.7.6/archaius-core-0.7.6.jar:/Users/asia/.m2/repository/com/netflix/servo/servo-core/0.12.21/servo-core-0.12.21.jar:/Users/asia/.m2/repository/com/sun/jersey/jersey-core/1.19.1/jersey-core-1.19.1.jar:/Users/asia/.m2/repository/com/sun/jersey/jersey-client/1.19.1/jersey-client-1.19.1.jar:/Users/asia/.m2/repository/com/sun/jersey/contribs/jersey-apache-client4/1.19.1/jersey-apache-client4-1.19.1.jar:/Users/asia/.m2/repository/org/apache/httpcomponents/httpclient/4.5.5/httpclient-4.5.5.jar:/Users/asia/.m2/repository/org/apache/httpcomponents/httpcore/4.4.9/httpcore-4.4.9.jar:/Users/asia/.m2/repository/com/google/inject/guice/4.1.0/guice-4.1.0.jar:/Users/asia/.m2/repository/javax/inject/javax.inject/1/javax.inject-1.jar:/Users/asia/.m2/repository/aopalliance/aopalliance/1.0/aopalliance-1.0.jar:/Users/asia/.m2/repository/com/github/vlsi/compactmap/compactmap/1.2.1/compactmap-1.2.1.jar:/Users/asia/.m2/repository/com/github/andrewoma/dexx/dexx-collections/0.2/dexx-collections-0.2.jar:/Users/asia/.m2/repository/com/fasterxml/jackson/core/jackson-annotations/2.9.0/jackson-annotations-2.9.0.jar:/Users/asia/.m2/repository/com/fasterxml/jackson/core/jackson-core/2.9.6/jackson-core-2.9.6.jar:/Users/asia/.m2/repository/com/netflix/eureka/eureka-core/1.9.2/eureka-core-1.9.2.jar:/Users/asia/.m2/repository/org/codehaus/woodstox/woodstox-core-asl/4.4.1/woodstox-core-asl-4.4.1.jar:/Users/asia/.m2/repository/javax/xml/stream/stax-api/1.0-2/stax-api-1.0-2.jar:/Users/asia/.m2/repository/org/springframework/cloud/spring-cloud-starter-netflix-archaius/2.0.0.RELEASE/spring-cloud-starter-netflix-archaius-2.0.0.RELEASE.jar:/Users/asia/.m2/repository/org/springframework/cloud/spring-cloud-netflix-ribbon/2.0.0.RELEASE/spring-cloud-netflix-ribbon-2.0.0.RELEASE.jar:/Users/asia/.m2/repository/org/springframework/cloud/spring-cloud-netflix-archaius/2.0.0.RELEASE/spring-cloud-netflix-archaius-2.0.0.RELEASE.jar:/Users/asia/.m2/repository/commons-configuration/commons-configuration/1.8/commons-configuration-1.8.jar:/Users/asia/.m2/repository/commons-lang/commons-lang/2.6/commons-lang-2.6.jar:/Users/asia/.m2/repository/org/springframework/cloud/spring-cloud-starter-netflix-ribbon/2.0.0.RELEASE/spring-cloud-starter-netflix-ribbon-2.0.0.RELEASE.jar:/Users/asia/.m2/repository/com/netflix/ribbon/ribbon/2.2.5/ribbon-2.2.5.jar:/Users/asia/.m2/repository/com/netflix/ribbon/ribbon-transport/2.2.5/ribbon-transport-2.2.5.jar:/Users/asia/.m2/repository/io/reactivex/rxnetty-contexts/0.4.9/rxnetty-contexts-0.4.9.jar:/Users/asia/.m2/repository/io/reactivex/rxnetty-servo/0.4.9/rxnetty-servo-0.4.9.jar:/Users/asia/.m2/repository/io/reactivex/rxnetty/0.4.9/rxnetty-0.4.9.jar:/Users/asia/.m2/repository/io/netty/netty-codec-http/4.1.25.Final/netty-codec-http-4.1.25.Final.jar:/Users/asia/.m2/repository/io/netty/netty-codec/4.1.25.Final/netty-codec-4.1.25.Final.jar:/Users/asia/.m2/repository/io/netty/netty-transport-native-epoll/4.1.25.Final/netty-transport-native-epoll-4.1.25.Final.jar:/Users/asia/.m2/repository/io/netty/netty-common/4.1.25.Final/netty-common-4.1.25.Final.jar:/Users/asia/.m2/repository/io/netty/netty-buffer/4.1.25.Final/netty-buffer-4.1.25.Final.jar:/Users/asia/.m2/repository/io/netty/netty-transport-native-unix-common/4.1.25.Final/netty-transport-native-unix-common-4.1.25.Final.jar:/Users/asia/.m2/repository/io/netty/netty-transport/4.1.25.Final/netty-transport-4.1.25.Final.jar:/Users/asia/.m2/repository/io/netty/netty-resolver/4.1.25.Final/netty-resolver-4.1.25.Final.jar:/Users/asia/.m2/repository/com/netflix/ribbon/ribbon-core/2.2.5/ribbon-core-2.2.5.jar:/Users/asia/.m2/repository/com/netflix/ribbon/ribbon-httpclient/2.2.5/ribbon-httpclient-2.2.5.jar:/Users/asia/.m2/repository/commons-collections/commons-collections/3.2.2/commons-collections-3.2.2.jar:/Users/asia/.m2/repository/com/netflix/netflix-commons/netflix-commons-util/0.3.0/netflix-commons-util-0.3.0.jar:/Users/asia/.m2/repository/com/netflix/ribbon/ribbon-loadbalancer/2.2.5/ribbon-loadbalancer-2.2.5.jar:/Users/asia/.m2/repository/com/netflix/netflix-commons/netflix-statistics/0.1.1/netflix-statistics-0.1.1.jar:/Users/asia/.m2/repository/io/reactivex/rxjava/1.3.8/rxjava-1.3.8.jar:/Users/asia/.m2/repository/com/netflix/ribbon/ribbon-eureka/2.2.5/ribbon-eureka-2.2.5.jar:/Users/asia/.m2/repository/com/thoughtworks/xstream/xstream/1.4.10/xstream-1.4.10.jar:/Users/asia/.m2/repository/xmlpull/xmlpull/1.1.3.1/xmlpull-1.1.3.1.jar:/Users/asia/.m2/repository/xpp3/xpp3_min/1.1.4c/xpp3_min-1.1.4c.jar:/Users/asia/.m2/repository/org/springframework/cloud/spring-cloud-starter-openfeign/2.0.0.RELEASE/spring-cloud-starter-openfeign-2.0.0.RELEASE.jar:/Users/asia/.m2/repository/org/springframework/cloud/spring-cloud-openfeign-core/2.0.0.RELEASE/spring-cloud-openfeign-core-2.0.0.RELEASE.jar:/Users/asia/.m2/repository/io/github/openfeign/feign-core/9.5.1/feign-core-9.5.1.jar:/Users/asia/.m2/repository/io/github/openfeign/feign-slf4j/9.5.1/feign-slf4j-9.5.1.jar:/Users/asia/.m2/repository/io/github/openfeign/feign-hystrix/9.5.1/feign-hystrix-9.5.1.jar:/Users/asia/.m2/repository/com/netflix/hystrix/hystrix-core/1.5.12/hystrix-core-1.5.12.jar:/Users/asia/.m2/repository/org/hdrhistogram/HdrHistogram/2.1.9/HdrHistogram-2.1.9.jar:/Users/asia/.m2/repository/io/github/openfeign/feign-java8/9.5.1/feign-java8-9.5.1.jar:/Users/asia/.m2/repository/org/projectlombok/lombok/1.18.22/lombok-1.18.22.jar:/Users/asia/.m2/repository/com/auth0/java-jwt/3.4.0/java-jwt-3.4.0.jar:/Users/asia/.m2/repository/com/fasterxml/jackson/core/jackson-databind/2.9.6/jackson-databind-2.9.6.jar:/Users/asia/.m2/repository/commons-codec/commons-codec/1.11/commons-codec-1.11.jar:/Users/asia/.m2/repository/mysql/mysql-connector-java/8.0.12/mysql-connector-java-8.0.12.jar:/Users/asia/.m2/repository/com/google/protobuf/protobuf-java/2.6.0/protobuf-java-2.6.0.jar:/Users/asia/.m2/repository/com/alibaba/druid/1.1.21/druid-1.1.21.jar:/Users/asia/.m2/repository/com/alibaba/druid-spring-boot-starter/1.1.10/druid-spring-boot-starter-1.1.10.jar:/Users/asia/.m2/repository/org/slf4j/slf4j-api/1.7.25/slf4j-api-1.7.25.jar:/Users/asia/.m2/repository/org/springframework/boot/spring-boot-autoconfigure/2.0.3.RELEASE/spring-boot-autoconfigure-2.0.3.RELEASE.jar:/Users/asia/.m2/repository/com/baomidou/mybatis-plus-boot-starter/3.5.0/mybatis-plus-boot-starter-3.5.0.jar:/Users/asia/.m2/repository/com/baomidou/mybatis-plus/3.5.0/mybatis-plus-3.5.0.jar:/Users/asia/.m2/repository/com/baomidou/mybatis-plus-extension/3.5.0/mybatis-plus-extension-3.5.0.jar:/Users/asia/.m2/repository/com/baomidou/mybatis-plus-core/3.5.0/mybatis-plus-core-3.5.0.jar:/Users/asia/.m2/repository/com/baomidou/mybatis-plus-annotation/3.5.0/mybatis-plus-annotation-3.5.0.jar:/Users/asia/.m2/repository/com/github/jsqlparser/jsqlparser/4.3/jsqlparser-4.3.jar:/Users/asia/.m2/repository/org/mybatis/mybatis/3.5.9/mybatis-3.5.9.jar:/Users/asia/.m2/repository/org/mybatis/mybatis-spring/2.0.6/mybatis-spring-2.0.6.jar:/Users/asia/.m2/repository/org/springframework/boot/spring-boot-starter-jdbc/2.0.3.RELEASE/spring-boot-starter-jdbc-2.0.3.RELEASE.jar:/Users/asia/.m2/repository/com/zaxxer/HikariCP/2.7.9/HikariCP-2.7.9.jar:/Users/asia/.m2/repository/org/springframework/spring-jdbc/5.0.7.RELEASE/spring-jdbc-5.0.7.RELEASE.jar:/Users/asia/.m2/repository/org/springframework/spring-tx/5.0.7.RELEASE/spring-tx-5.0.7.RELEASE.jar:/Users/asia/.m2/repository/com/baomidou/mybatis-plus-generator/3.5.1/mybatis-plus-generator-3.5.1.jar:/Users/asia/.m2/repository/org/freemarker/freemarker/2.3.28/freemarker-2.3.28.jar:/Users/asia/.m2/repository/com/alibaba/fastjson/1.2.79/fastjson-1.2.79.jar:/Users/asia/.m2/repository/io/swagger/swagger-jaxrs/1.5.2/swagger-jaxrs-1.5.2.jar:/Users/asia/.m2/repository/com/fasterxml/jackson/dataformat/jackson-dataformat-yaml/2.9.6/jackson-dataformat-yaml-2.9.6.jar:/Users/asia/.m2/repository/com/fasterxml/jackson/dataformat/jackson-dataformat-xml/2.9.6/jackson-dataformat-xml-2.9.6.jar:/Users/asia/.m2/repository/com/fasterxml/jackson/module/jackson-module-jaxb-annotations/2.9.6/jackson-module-jaxb-annotations-2.9.6.jar:/Users/asia/.m2/repository/org/codehaus/woodstox/stax2-api/3.1.4/stax2-api-3.1.4.jar:/Users/asia/.m2/repository/com/fasterxml/woodstox/woodstox-core/5.0.3/woodstox-core-5.0.3.jar:/Users/asia/.m2/repository/io/swagger/swagger-core/1.5.2/swagger-core-1.5.2.jar:/Users/asia/.m2/repository/org/apache/commons/commons-lang3/3.7/commons-lang3-3.7.jar:/Users/asia/.m2/repository/com/fasterxml/jackson/datatype/jackson-datatype-joda/2.9.6/jackson-datatype-joda-2.9.6.jar:/Users/asia/.m2/repository/joda-time/joda-time/2.9.9/joda-time-2.9.9.jar:/Users/asia/.m2/repository/io/swagger/swagger-models/1.5.2/swagger-models-1.5.2.jar:/Users/asia/.m2/repository/io/swagger/swagger-annotations/1.5.2/swagger-annotations-1.5.2.jar:/Users/asia/.m2/repository/javax/ws/rs/jsr311-api/1.1.1/jsr311-api-1.1.1.jar:/Users/asia/.m2/repository/org/reflections/reflections/0.9.9/reflections-0.9.9.jar:/Users/asia/.m2/repository/org/javassist/javassist/3.18.2-GA/javassist-3.18.2-GA.jar:/Users/asia/.m2/repository/com/google/code/findbugs/annotations/2.0.1/annotations-2.0.1.jar:/Users/asia/.m2/repository/com/google/guava/guava/18.0/guava-18.0.jar:/Users/asia/.m2/repository/com/fasterxml/jackson/jaxrs/jackson-jaxrs-json-provider/2.9.6/jackson-jaxrs-json-provider-2.9.6.jar:/Users/asia/.m2/repository/com/fasterxml/jackson/jaxrs/jackson-jaxrs-base/2.9.6/jackson-jaxrs-base-2.9.6.jar:/Users/asia/.m2/repository/org/springframework/spring-test/5.0.7.RELEASE/spring-test-5.0.7.RELEASE.jar:/Users/asia/.m2/repository/org/springframework/spring-core/5.0.7.RELEASE/spring-core-5.0.7.RELEASE.jar:/Users/asia/.m2/repository/org/springframework/spring-jcl/5.0.7.RELEASE/spring-jcl-5.0.7.RELEASE.jar:/Users/asia/.m2/repository/org/springframework/boot/spring-boot-starter-test/2.0.3.RELEASE/spring-boot-starter-test-2.0.3.RELEASE.jar:/Users/asia/.m2/repository/org/springframework/boot/spring-boot-test-autoconfigure/2.0.3.RELEASE/spring-boot-test-autoconfigure-2.0.3.RELEASE.jar:/Users/asia/.m2/repository/com/jayway/jsonpath/json-path/2.4.0/json-path-2.4.0.jar:/Users/asia/.m2/repository/net/minidev/json-smart/2.3/json-smart-2.3.jar:/Users/asia/.m2/repository/net/minidev/accessors-smart/1.2/accessors-smart-1.2.jar:/Users/asia/.m2/repository/org/ow2/asm/asm/5.0.4/asm-5.0.4.jar:/Users/asia/.m2/repository/org/assertj/assertj-core/3.9.1/assertj-core-3.9.1.jar:/Users/asia/.m2/repository/org/mockito/mockito-core/2.15.0/mockito-core-2.15.0.jar:/Users/asia/.m2/repository/net/bytebuddy/byte-buddy/1.7.11/byte-buddy-1.7.11.jar:/Users/asia/.m2/repository/net/bytebuddy/byte-buddy-agent/1.7.11/byte-buddy-agent-1.7.11.jar:/Users/asia/.m2/repository/org/objenesis/objenesis/2.6/objenesis-2.6.jar:/Users/asia/.m2/repository/org/hamcrest/hamcrest-core/1.3/hamcrest-core-1.3.jar:/Users/asia/.m2/repository/org/hamcrest/hamcrest-library/1.3/hamcrest-library-1.3.jar:/Users/asia/.m2/repository/org/skyscreamer/jsonassert/1.5.0/jsonassert-1.5.0.jar:/Users/asia/.m2/repository/com/vaadin/external/google/android-json/0.0.20131108.vaadin1/android-json-0.0.20131108.vaadin1.jar:/Users/asia/.m2/repository/org/xmlunit/xmlunit-core/2.5.1/xmlunit-core-2.5.1.jar:/Users/asia/.m2/repository/org/springframework/cloud/spring-cloud-commons/2.0.0.RELEASE/spring-cloud-commons-2.0.0.RELEASE.jar:/Users/asia/.m2/repository/org/springframework/security/spring-security-crypto/5.0.6.RELEASE/spring-security-crypto-5.0.6.RELEASE.jar:/Users/asia/.m2/repository/org/springframework/boot/spring-boot-test/2.0.3.RELEASE/spring-boot-test-2.0.3.RELEASE.jar:/Users/asia/.m2/repository/org/springframework/boot/spring-boot/2.0.3.RELEASE/spring-boot-2.0.3.RELEASE.jar:/Users/asia/.m2/repository/org/apache/logging/log4j/log4j-api/2.17.1/log4j-api-2.17.1.jar:/Users/asia/.m2/repository/org/apache/logging/log4j/log4j-core/2.17.1/log4j-core-2.17.1.jar:/Users/asia/.m2/repository/junit/junit/4.12/junit-4.12.jar:/Users/asia/.m2/repository/cn/hutool/hutool-all/4.3.1/hutool-all-4.3.1.jar:, java.specification.name=Java Platform API Specification, java.class.version=52.0, sun.management.compiler=HotSpot 64-Bit Tiered Compilers, os.version=10.16, user.home=/Users/asia, user.timezone=Asia/Shanghai, java.awt.printerjob=sun.lwawt.macosx.CPrinterJob, file.encoding=UTF-8, java.specification.version=1.8, java.class.path=/Volumes/Elements SE/BackupData/毕业论文/毕业设计代码/MS_ERP/erp-production/target/test-classes:/Volumes/Elements SE/BackupData/毕业论文/毕业设计代码/MS_ERP/erp-production/target/classes:/Users/asia/.m2/repository/org/springframework/boot/spring-boot-starter-web/2.0.3.RELEASE/spring-boot-starter-web-2.0.3.RELEASE.jar:/Users/asia/.m2/repository/org/springframework/boot/spring-boot-starter/2.0.3.RELEASE/spring-boot-starter-2.0.3.RELEASE.jar:/Users/asia/.m2/repository/org/springframework/boot/spring-boot-starter-logging/2.0.3.RELEASE/spring-boot-starter-logging-2.0.3.RELEASE.jar:/Users/asia/.m2/repository/ch/qos/logback/logback-classic/1.2.3/logback-classic-1.2.3.jar:/Users/asia/.m2/repository/ch/qos/logback/logback-core/1.2.3/logback-core-1.2.3.jar:/Users/asia/.m2/repository/org/apache/logging/log4j/log4j-to-slf4j/2.10.0/log4j-to-slf4j-2.10.0.jar:/Users/asia/.m2/repository/org/slf4j/jul-to-slf4j/1.7.25/jul-to-slf4j-1.7.25.jar:/Users/asia/.m2/repository/javax/annotation/javax.annotation-api/1.3.2/javax.annotation-api-1.3.2.jar:/Users/asia/.m2/repository/org/yaml/snakeyaml/1.19/snakeyaml-1.19.jar:/Users/asia/.m2/repository/org/springframework/boot/spring-boot-starter-json/2.0.3.RELEASE/spring-boot-starter-json-2.0.3.RELEASE.jar:/Users/asia/.m2/repository/com/fasterxml/jackson/datatype/jackson-datatype-jdk8/2.9.6/jackson-datatype-jdk8-2.9.6.jar:/Users/asia/.m2/repository/com/fasterxml/jackson/datatype/jackson-datatype-jsr310/2.9.6/jackson-datatype-jsr310-2.9.6.jar:/Users/asia/.m2/repository/com/fasterxml/jackson/module/jackson-module-parameter-names/2.9.6/jackson-module-parameter-names-2.9.6.jar:/Users/asia/.m2/repository/org/springframework/boot/spring-boot-starter-tomcat/2.0.3.RELEASE/spring-boot-starter-tomcat-2.0.3.RELEASE.jar:/Users/asia/.m2/repository/org/apache/tomcat/embed/tomcat-embed-core/8.5.31/tomcat-embed-core-8.5.31.jar:/Users/asia/.m2/repository/org/apache/tomcat/embed/tomcat-embed-el/8.5.31/tomcat-embed-el-8.5.31.jar:/Users/asia/.m2/repository/org/apache/tomcat/embed/tomcat-embed-websocket/8.5.31/tomcat-embed-websocket-8.5.31.jar:/Users/asia/.m2/repository/org/hibernate/validator/hibernate-validator/6.0.10.Final/hibernate-validator-6.0.10.Final.jar:/Users/asia/.m2/repository/javax/validation/validation-api/2.0.1.Final/validation-api-2.0.1.Final.jar:/Users/asia/.m2/repository/org/jboss/logging/jboss-logging/3.3.2.Final/jboss-logging-3.3.2.Final.jar:/Users/asia/.m2/repository/com/fasterxml/classmate/1.3.4/classmate-1.3.4.jar:/Users/asia/.m2/repository/org/springframework/spring-web/5.0.7.RELEASE/spring-web-5.0.7.RELEASE.jar:/Users/asia/.m2/repository/org/springframework/spring-beans/5.0.7.RELEASE/spring-beans-5.0.7.RELEASE.jar:/Users/asia/.m2/repository/org/springframework/spring-webmvc/5.0.7.RELEASE/spring-webmvc-5.0.7.RELEASE.jar:/Users/asia/.m2/repository/org/springframework/spring-aop/5.0.7.RELEASE/spring-aop-5.0.7.RELEASE.jar:/Users/asia/.m2/repository/org/springframework/spring-context/5.0.7.RELEASE/spring-context-5.0.7.RELEASE.jar:/Users/asia/.m2/repository/org/springframework/spring-expression/5.0.7.RELEASE/spring-expression-5.0.7.RELEASE.jar:/Users/asia/.m2/repository/org/springframework/cloud/spring-cloud-starter-netflix-eureka-client/2.0.0.RELEASE/spring-cloud-starter-netflix-eureka-client-2.0.0.RELEASE.jar:/Users/asia/.m2/repository/org/springframework/cloud/spring-cloud-starter/2.0.0.RELEASE/spring-cloud-starter-2.0.0.RELEASE.jar:/Users/asia/.m2/repository/org/springframework/cloud/spring-cloud-context/2.0.0.RELEASE/spring-cloud-context-2.0.0.RELEASE.jar:/Users/asia/.m2/repository/org/springframework/security/spring-security-rsa/1.0.5.RELEASE/spring-security-rsa-1.0.5.RELEASE.jar:/Users/asia/.m2/repository/org/bouncycastle/bcpkix-jdk15on/1.56/bcpkix-jdk15on-1.56.jar:/Users/asia/.m2/repository/org/bouncycastle/bcprov-jdk15on/1.56/bcprov-jdk15on-1.56.jar:/Users/asia/.m2/repository/org/springframework/cloud/spring-cloud-netflix-core/2.0.0.RELEASE/spring-cloud-netflix-core-2.0.0.RELEASE.jar:/Users/asia/.m2/repository/org/springframework/boot/spring-boot-starter-aop/2.0.3.RELEASE/spring-boot-starter-aop-2.0.3.RELEASE.jar:/Users/asia/.m2/repository/org/aspectj/aspectjweaver/1.8.13/aspectjweaver-1.8.13.jar:/Users/asia/.m2/repository/org/springframework/cloud/spring-cloud-netflix-eureka-client/2.0.0.RELEASE/spring-cloud-netflix-eureka-client-2.0.0.RELEASE.jar:/Users/asia/.m2/repository/com/netflix/eureka/eureka-client/1.9.2/eureka-client-1.9.2.jar:/Users/asia/.m2/repository/org/codehaus/jettison/jettison/1.3.7/jettison-1.3.7.jar:/Users/asia/.m2/repository/stax/stax-api/1.0.1/stax-api-1.0.1.jar:/Users/asia/.m2/repository/com/netflix/netflix-commons/netflix-eventbus/0.3.0/netflix-eventbus-0.3.0.jar:/Users/asia/.m2/repository/com/netflix/netflix-commons/netflix-infix/0.3.0/netflix-infix-0.3.0.jar:/Users/asia/.m2/repository/commons-jxpath/commons-jxpath/1.3/commons-jxpath-1.3.jar:/Users/asia/.m2/repository/org/antlr/antlr-runtime/3.4/antlr-runtime-3.4.jar:/Users/asia/.m2/repository/org/antlr/stringtemplate/3.2.1/stringtemplate-3.2.1.jar:/Users/asia/.m2/repository/antlr/antlr/2.7.7/antlr-2.7.7.jar:/Users/asia/.m2/repository/com/google/code/gson/gson/2.8.5/gson-2.8.5.jar:/Users/asia/.m2/repository/org/apache/commons/commons-math/2.2/commons-math-2.2.jar:/Users/asia/.m2/repository/com/netflix/archaius/archaius-core/0.7.6/archaius-core-0.7.6.jar:/Users/asia/.m2/repository/com/netflix/servo/servo-core/0.12.21/servo-core-0.12.21.jar:/Users/asia/.m2/repository/com/sun/jersey/jersey-core/1.19.1/jersey-core-1.19.1.jar:/Users/asia/.m2/repository/com/sun/jersey/jersey-client/1.19.1/jersey-client-1.19.1.jar:/Users/asia/.m2/repository/com/sun/jersey/contribs/jersey-apache-client4/1.19.1/jersey-apache-client4-1.19.1.jar:/Users/asia/.m2/repository/org/apache/httpcomponents/httpclient/4.5.5/httpclient-4.5.5.jar:/Users/asia/.m2/repository/org/apache/httpcomponents/httpcore/4.4.9/httpcore-4.4.9.jar:/Users/asia/.m2/repository/com/google/inject/guice/4.1.0/guice-4.1.0.jar:/Users/asia/.m2/repository/javax/inject/javax.inject/1/javax.inject-1.jar:/Users/asia/.m2/repository/aopalliance/aopalliance/1.0/aopalliance-1.0.jar:/Users/asia/.m2/repository/com/github/vlsi/compactmap/compactmap/1.2.1/compactmap-1.2.1.jar:/Users/asia/.m2/repository/com/github/andrewoma/dexx/dexx-collections/0.2/dexx-collections-0.2.jar:/Users/asia/.m2/repository/com/fasterxml/jackson/core/jackson-annotations/2.9.0/jackson-annotations-2.9.0.jar:/Users/asia/.m2/repository/com/fasterxml/jackson/core/jackson-core/2.9.6/jackson-core-2.9.6.jar:/Users/asia/.m2/repository/com/netflix/eureka/eureka-core/1.9.2/eureka-core-1.9.2.jar:/Users/asia/.m2/repository/org/codehaus/woodstox/woodstox-core-asl/4.4.1/woodstox-core-asl-4.4.1.jar:/Users/asia/.m2/repository/javax/xml/stream/stax-api/1.0-2/stax-api-1.0-2.jar:/Users/asia/.m2/repository/org/springframework/cloud/spring-cloud-starter-netflix-archaius/2.0.0.RELEASE/spring-cloud-starter-netflix-archaius-2.0.0.RELEASE.jar:/Users/asia/.m2/repository/org/springframework/cloud/spring-cloud-netflix-ribbon/2.0.0.RELEASE/spring-cloud-netflix-ribbon-2.0.0.RELEASE.jar:/Users/asia/.m2/repository/org/springframework/cloud/spring-cloud-netflix-archaius/2.0.0.RELEASE/spring-cloud-netflix-archaius-2.0.0.RELEASE.jar:/Users/asia/.m2/repository/commons-configuration/commons-configuration/1.8/commons-configuration-1.8.jar:/Users/asia/.m2/repository/commons-lang/commons-lang/2.6/commons-lang-2.6.jar:/Users/asia/.m2/repository/org/springframework/cloud/spring-cloud-starter-netflix-ribbon/2.0.0.RELEASE/spring-cloud-starter-netflix-ribbon-2.0.0.RELEASE.jar:/Users/asia/.m2/repository/com/netflix/ribbon/ribbon/2.2.5/ribbon-2.2.5.jar:/Users/asia/.m2/repository/com/netflix/ribbon/ribbon-transport/2.2.5/ribbon-transport-2.2.5.jar:/Users/asia/.m2/repository/io/reactivex/rxnetty-contexts/0.4.9/rxnetty-contexts-0.4.9.jar:/Users/asia/.m2/repository/io/reactivex/rxnetty-servo/0.4.9/rxnetty-servo-0.4.9.jar:/Users/asia/.m2/repository/io/reactivex/rxnetty/0.4.9/rxnetty-0.4.9.jar:/Users/asia/.m2/repository/io/netty/netty-codec-http/4.1.25.Final/netty-codec-http-4.1.25.Final.jar:/Users/asia/.m2/repository/io/netty/netty-codec/4.1.25.Final/netty-codec-4.1.25.Final.jar:/Users/asia/.m2/repository/io/netty/netty-transport-native-epoll/4.1.25.Final/netty-transport-native-epoll-4.1.25.Final.jar:/Users/asia/.m2/repository/io/netty/netty-common/4.1.25.Final/netty-common-4.1.25.Final.jar:/Users/asia/.m2/repository/io/netty/netty-buffer/4.1.25.Final/netty-buffer-4.1.25.Final.jar:/Users/asia/.m2/repository/io/netty/netty-transport-native-unix-common/4.1.25.Final/netty-transport-native-unix-common-4.1.25.Final.jar:/Users/asia/.m2/repository/io/netty/netty-transport/4.1.25.Final/netty-transport-4.1.25.Final.jar:/Users/asia/.m2/repository/io/netty/netty-resolver/4.1.25.Final/netty-resolver-4.1.25.Final.jar:/Users/asia/.m2/repository/com/netflix/ribbon/ribbon-core/2.2.5/ribbon-core-2.2.5.jar:/Users/asia/.m2/repository/com/netflix/ribbon/ribbon-httpclient/2.2.5/ribbon-httpclient-2.2.5.jar:/Users/asia/.m2/repository/commons-collections/commons-collections/3.2.2/commons-collections-3.2.2.jar:/Users/asia/.m2/repository/com/netflix/netflix-commons/netflix-commons-util/0.3.0/netflix-commons-util-0.3.0.jar:/Users/asia/.m2/repository/com/netflix/ribbon/ribbon-loadbalancer/2.2.5/ribbon-loadbalancer-2.2.5.jar:/Users/asia/.m2/repository/com/netflix/netflix-commons/netflix-statistics/0.1.1/netflix-statistics-0.1.1.jar:/Users/asia/.m2/repository/io/reactivex/rxjava/1.3.8/rxjava-1.3.8.jar:/Users/asia/.m2/repository/com/netflix/ribbon/ribbon-eureka/2.2.5/ribbon-eureka-2.2.5.jar:/Users/asia/.m2/repository/com/thoughtworks/xstream/xstream/1.4.10/xstream-1.4.10.jar:/Users/asia/.m2/repository/xmlpull/xmlpull/1.1.3.1/xmlpull-1.1.3.1.jar:/Users/asia/.m2/repository/xpp3/xpp3_min/1.1.4c/xpp3_min-1.1.4c.jar:/Users/asia/.m2/repository/org/springframework/cloud/spring-cloud-starter-openfeign/2.0.0.RELEASE/spring-cloud-starter-openfeign-2.0.0.RELEASE.jar:/Users/asia/.m2/repository/org/springframework/cloud/spring-cloud-openfeign-core/2.0.0.RELEASE/spring-cloud-openfeign-core-2.0.0.RELEASE.jar:/Users/asia/.m2/repository/io/github/openfeign/feign-core/9.5.1/feign-core-9.5.1.jar:/Users/asia/.m2/repository/io/github/openfeign/feign-slf4j/9.5.1/feign-slf4j-9.5.1.jar:/Users/asia/.m2/repository/io/github/openfeign/feign-hystrix/9.5.1/feign-hystrix-9.5.1.jar:/Users/asia/.m2/repository/com/netflix/hystrix/hystrix-core/1.5.12/hystrix-core-1.5.12.jar:/Users/asia/.m2/repository/org/hdrhistogram/HdrHistogram/2.1.9/HdrHistogram-2.1.9.jar:/Users/asia/.m2/repository/io/github/openfeign/feign-java8/9.5.1/feign-java8-9.5.1.jar:/Users/asia/.m2/repository/org/projectlombok/lombok/1.18.22/lombok-1.18.22.jar:/Users/asia/.m2/repository/com/auth0/java-jwt/3.4.0/java-jwt-3.4.0.jar:/Users/asia/.m2/repository/com/fasterxml/jackson/core/jackson-databind/2.9.6/jackson-databind-2.9.6.jar:/Users/asia/.m2/repository/commons-codec/commons-codec/1.11/commons-codec-1.11.jar:/Users/asia/.m2/repository/mysql/mysql-connector-java/8.0.12/mysql-connector-java-8.0.12.jar:/Users/asia/.m2/repository/com/google/protobuf/protobuf-java/2.6.0/protobuf-java-2.6.0.jar:/Users/asia/.m2/repository/com/alibaba/druid/1.1.21/druid-1.1.21.jar:/Users/asia/.m2/repository/com/alibaba/druid-spring-boot-starter/1.1.10/druid-spring-boot-starter-1.1.10.jar:/Users/asia/.m2/repository/org/slf4j/slf4j-api/1.7.25/slf4j-api-1.7.25.jar:/Users/asia/.m2/repository/org/springframework/boot/spring-boot-autoconfigure/2.0.3.RELEASE/spring-boot-autoconfigure-2.0.3.RELEASE.jar:/Users/asia/.m2/repository/com/baomidou/mybatis-plus-boot-starter/3.5.0/mybatis-plus-boot-starter-3.5.0.jar:/Users/asia/.m2/repository/com/baomidou/mybatis-plus/3.5.0/mybatis-plus-3.5.0.jar:/Users/asia/.m2/repository/com/baomidou/mybatis-plus-extension/3.5.0/mybatis-plus-extension-3.5.0.jar:/Users/asia/.m2/repository/com/baomidou/mybatis-plus-core/3.5.0/mybatis-plus-core-3.5.0.jar:/Users/asia/.m2/repository/com/baomidou/mybatis-plus-annotation/3.5.0/mybatis-plus-annotation-3.5.0.jar:/Users/asia/.m2/repository/com/github/jsqlparser/jsqlparser/4.3/jsqlparser-4.3.jar:/Users/asia/.m2/repository/org/mybatis/mybatis/3.5.9/mybatis-3.5.9.jar:/Users/asia/.m2/repository/org/mybatis/mybatis-spring/2.0.6/mybatis-spring-2.0.6.jar:/Users/asia/.m2/repository/org/springframework/boot/spring-boot-starter-jdbc/2.0.3.RELEASE/spring-boot-starter-jdbc-2.0.3.RELEASE.jar:/Users/asia/.m2/repository/com/zaxxer/HikariCP/2.7.9/HikariCP-2.7.9.jar:/Users/asia/.m2/repository/org/springframework/spring-jdbc/5.0.7.RELEASE/spring-jdbc-5.0.7.RELEASE.jar:/Users/asia/.m2/repository/org/springframework/spring-tx/5.0.7.RELEASE/spring-tx-5.0.7.RELEASE.jar:/Users/asia/.m2/repository/com/baomidou/mybatis-plus-generator/3.5.1/mybatis-plus-generator-3.5.1.jar:/Users/asia/.m2/repository/org/freemarker/freemarker/2.3.28/freemarker-2.3.28.jar:/Users/asia/.m2/repository/com/alibaba/fastjson/1.2.79/fastjson-1.2.79.jar:/Users/asia/.m2/repository/io/swagger/swagger-jaxrs/1.5.2/swagger-jaxrs-1.5.2.jar:/Users/asia/.m2/repository/com/fasterxml/jackson/dataformat/jackson-dataformat-yaml/2.9.6/jackson-dataformat-yaml-2.9.6.jar:/Users/asia/.m2/repository/com/fasterxml/jackson/dataformat/jackson-dataformat-xml/2.9.6/jackson-dataformat-xml-2.9.6.jar:/Users/asia/.m2/repository/com/fasterxml/jackson/module/jackson-module-jaxb-annotations/2.9.6/jackson-module-jaxb-annotations-2.9.6.jar:/Users/asia/.m2/repository/org/codehaus/woodstox/stax2-api/3.1.4/stax2-api-3.1.4.jar:/Users/asia/.m2/repository/com/fasterxml/woodstox/woodstox-core/5.0.3/woodstox-core-5.0.3.jar:/Users/asia/.m2/repository/io/swagger/swagger-core/1.5.2/swagger-core-1.5.2.jar:/Users/asia/.m2/repository/org/apache/commons/commons-lang3/3.7/commons-lang3-3.7.jar:/Users/asia/.m2/repository/com/fasterxml/jackson/datatype/jackson-datatype-joda/2.9.6/jackson-datatype-joda-2.9.6.jar:/Users/asia/.m2/repository/joda-time/joda-time/2.9.9/joda-time-2.9.9.jar:/Users/asia/.m2/repository/io/swagger/swagger-models/1.5.2/swagger-models-1.5.2.jar:/Users/asia/.m2/repository/io/swagger/swagger-annotations/1.5.2/swagger-annotations-1.5.2.jar:/Users/asia/.m2/repository/javax/ws/rs/jsr311-api/1.1.1/jsr311-api-1.1.1.jar:/Users/asia/.m2/repository/org/reflections/reflections/0.9.9/reflections-0.9.9.jar:/Users/asia/.m2/repository/org/javassist/javassist/3.18.2-GA/javassist-3.18.2-GA.jar:/Users/asia/.m2/repository/com/google/code/findbugs/annotations/2.0.1/annotations-2.0.1.jar:/Users/asia/.m2/repository/com/google/guava/guava/18.0/guava-18.0.jar:/Users/asia/.m2/repository/com/fasterxml/jackson/jaxrs/jackson-jaxrs-json-provider/2.9.6/jackson-jaxrs-json-provider-2.9.6.jar:/Users/asia/.m2/repository/com/fasterxml/jackson/jaxrs/jackson-jaxrs-base/2.9.6/jackson-jaxrs-base-2.9.6.jar:/Users/asia/.m2/repository/org/springframework/spring-test/5.0.7.RELEASE/spring-test-5.0.7.RELEASE.jar:/Users/asia/.m2/repository/org/springframework/spring-core/5.0.7.RELEASE/spring-core-5.0.7.RELEASE.jar:/Users/asia/.m2/repository/org/springframework/spring-jcl/5.0.7.RELEASE/spring-jcl-5.0.7.RELEASE.jar:/Users/asia/.m2/repository/org/springframework/boot/spring-boot-starter-test/2.0.3.RELEASE/spring-boot-starter-test-2.0.3.RELEASE.jar:/Users/asia/.m2/repository/org/springframework/boot/spring-boot-test-autoconfigure/2.0.3.RELEASE/spring-boot-test-autoconfigure-2.0.3.RELEASE.jar:/Users/asia/.m2/repository/com/jayway/jsonpath/json-path/2.4.0/json-path-2.4.0.jar:/Users/asia/.m2/repository/net/minidev/json-smart/2.3/json-smart-2.3.jar:/Users/asia/.m2/repository/net/minidev/accessors-smart/1.2/accessors-smart-1.2.jar:/Users/asia/.m2/repository/org/ow2/asm/asm/5.0.4/asm-5.0.4.jar:/Users/asia/.m2/repository/org/assertj/assertj-core/3.9.1/assertj-core-3.9.1.jar:/Users/asia/.m2/repository/org/mockito/mockito-core/2.15.0/mockito-core-2.15.0.jar:/Users/asia/.m2/repository/net/bytebuddy/byte-buddy/1.7.11/byte-buddy-1.7.11.jar:/Users/asia/.m2/repository/net/bytebuddy/byte-buddy-agent/1.7.11/byte-buddy-agent-1.7.11.jar:/Users/asia/.m2/repository/org/objenesis/objenesis/2.6/objenesis-2.6.jar:/Users/asia/.m2/repository/org/hamcrest/hamcrest-core/1.3/hamcrest-core-1.3.jar:/Users/asia/.m2/repository/org/hamcrest/hamcrest-library/1.3/hamcrest-library-1.3.jar:/Users/asia/.m2/repository/org/skyscreamer/jsonassert/1.5.0/jsonassert-1.5.0.jar:/Users/asia/.m2/repository/com/vaadin/external/google/android-json/0.0.20131108.vaadin1/android-json-0.0.20131108.vaadin1.jar:/Users/asia/.m2/repository/org/xmlunit/xmlunit-core/2.5.1/xmlunit-core-2.5.1.jar:/Users/asia/.m2/repository/org/springframework/cloud/spring-cloud-commons/2.0.0.RELEASE/spring-cloud-commons-2.0.0.RELEASE.jar:/Users/asia/.m2/repository/org/springframework/security/spring-security-crypto/5.0.6.RELEASE/spring-security-crypto-5.0.6.RELEASE.jar:/Users/asia/.m2/repository/org/springframework/boot/spring-boot-test/2.0.3.RELEASE/spring-boot-test-2.0.3.RELEASE.jar:/Users/asia/.m2/repository/org/springframework/boot/spring-boot/2.0.3.RELEASE/spring-boot-2.0.3.RELEASE.jar:/Users/asia/.m2/repository/org/apache/logging/log4j/log4j-api/2.17.1/log4j-api-2.17.1.jar:/Users/asia/.m2/repository/org/apache/logging/log4j/log4j-core/2.17.1/log4j-core-2.17.1.jar:/Users/asia/.m2/repository/junit/junit/4.12/junit-4.12.jar:/Users/asia/.m2/repository/cn/hutool/hutool-all/4.3.1/hutool-all-4.3.1.jar:, user.name=asia, java.vm.specification.version=1.8, sun.java.command=/Volumes/Elements SE/BackupData/毕业论文/毕业设计代码/MS_ERP/erp-production/target/surefire/surefirebooter3194185437572429259.jar /Volumes/Elements SE/BackupData/毕业论文/毕业设计代码/MS_ERP/erp-production/target/surefire 2022-04-09T18-39-38_908-jvmRun1 surefire5552614695784411404tmp surefire_03495402514995483312tmp, java.home=/Library/Java/JavaVirtualMachines/jdk1.8.0_311.jdk/Contents/Home/jre, sun.arch.data.model=64, user.language=zh, java.specification.vendor=Oracle Corporation, awt.toolkit=sun.lwawt.macosx.LWCToolkit, java.vm.info=mixed mode, java.version=1.8.0_311, java.ext.dirs=/Users/asia/Library/Java/Extensions:/Library/Java/JavaVirtualMachines/jdk1.8.0_311.jdk/Contents/Home/jre/lib/ext:/Library/Java/Extensions:/Network/Library/Java/Extensions:/System/Library/Java/Extensions:/usr/lib/java, sun.boot.class.path=/Library/Java/JavaVirtualMachines/jdk1.8.0_311.jdk/Contents/Home/jre/lib/resources.jar:/Library/Java/JavaVirtualMachines/jdk1.8.0_311.jdk/Contents/Home/jre/lib/rt.jar:/Library/Java/JavaVirtualMachines/jdk1.8.0_311.jdk/Contents/Home/jre/lib/sunrsasign.jar:/Library/Java/JavaVirtualMachines/jdk1.8.0_311.jdk/Contents/Home/jre/lib/jsse.jar:/Library/Java/JavaVirtualMachines/jdk1.8.0_311.jdk/Contents/Home/jre/lib/jce.jar:/Library/Java/JavaVirtualMachines/jdk1.8.0_311.jdk/Contents/Home/jre/lib/charsets.jar:/Library/Java/JavaVirtualMachines/jdk1.8.0_311.jdk/Contents/Home/jre/lib/jfr.jar:/Library/Java/JavaVirtualMachines/jdk1.8.0_311.jdk/Contents/Home/jre/classes, java.vendor=Oracle Corporation, localRepository=/Users/asia/.m2/repository, file.separator=/, java.vendor.url.bug=http://bugreport.sun.com/bugreport/, sun.io.unicode.encoding=UnicodeBig, sun.cpu.endian=little, sun.cpu.isalist=}}, SystemEnvironmentPropertySource@1765250898 {name='systemEnvironment', properties={PATH=/Users/asia/.npm-global/bin:/usr/local/bin:/usr/bin:/bin:/usr/sbin:/sbin:./node_modules/.bin, MANPATH=/usr/local/share/man::, IOJS_ORG_MIRROR=https://npm.taobao.org/mirrors/iojs, NVMW_NODEJS_ORG_MIRROR=https://npm.taobao.org/mirrors/node, HOMEBREW_PREFIX=/usr/local, COMMAND_MODE=unix2003, GRADLEO=/Users/asia/enviroment/gradle-6.9.1, LOGNAME=asia, NVM_NODEJS_ORG_MIRROR=https://npm.taobao.org/mirrors/node, NODIST_IOJS_MIRROR=https://npm.taobao.org/mirrors/iojs, HOMEBREW_REPOSITORY=/usr/local/Homebrew, XPC_SERVICE_NAME=0, PWD=/Volumes/Elements SE/BackupData/毕业论文/毕业设计代码/MS_ERP/erp-production, INFOPATH=/usr/local/share/info:, _=/Library/Java/JavaVirtualMachines/jdk1.8.0_311.jdk/Contents/Home/jre/bin/java, __CFBundleIdentifier=com.jetbrains.intellij, NVMW_NPM_MIRROR=https://npm.taobao.org/mirrors/npm, SHELL=/bin/zsh, HOMEBREW_BOTTLE_DOMAIN=https://mirrors.bfsu.edu.cn/homebrew-bottles/bottles, OLDPWD=/Volumes/Elements SE/BackupData/毕业论文/毕业设计代码/MS_ERP/erp-production, HOMEBREW_CELLAR=/usr/local/Cellar, USER=asia, JAVA_MAIN_CLASS_26079=org.apache.maven.surefire.booter.ForkedBooter, TMPDIR=/var/folders/b2/2ybj9qc94ldfb8ghb65fqnvw0000gn/T/, SSH_AUTH_SOCK=/private/tmp/com.apple.launchd.DFADWS9JPu/Listeners, XPC_FLAGS=0x0, JAVA_MAIN_CLASS_25634=org.codehaus.classworlds.Launcher, NVMW_IOJS_ORG_MIRROR=https://npm.taobao.org/mirrors/iojs, NVM_IOJS_ORG_MIRROR=https://npm.taobao.org/mirrors/iojs, M2_HOME=/Users/asia/enviroment/apache-maven-3.8.4, __CF_USER_TEXT_ENCODING=0x1F5:0x19:0x34, NODEJS_ORG_MIRROR=https://npm.taobao.org/mirrors/node, LC_CTYPE=zh_CN.UTF-8, NODIST_NODE_MIRROR=https://npm.taobao.org/mirrors/node, HOME=/Users/asia, SHLVL=1}}]
18:40:26.441 [main] DEBUG org.springframework.web.servlet.mvc.method.annotation.RequestMappingHandlerMapping - Looking for request mappings in application context: org.springframework.test.web.servlet.setup.StubWebApplicationContext@24a35978
18:40:26.587 [main] DEBUG org.springframework.web.servlet.mvc.method.annotation.RequestMappingHandlerMapping - 7 request handler methods found on class pers.jd.controller.MaterialController: {public java.util.List pers.jd.controller.MaterialController.getAll()={[/material/getAll],methods=[GET]}, public pers.jd.entity.Material pers.jd.controller.MaterialController.getOne(long)={[/material/getOne],methods=[GET]}, public pers.jd.entity.ResultGetAllPaging pers.jd.controller.MaterialController.getAllPaging(long,long)={[/material/getAllPaging],methods=[GET]}, public pers.jd.entity.ResultSet pers.jd.controller.MaterialController.insertOrUpdate(pers.jd.entity.Material)={[/material/insertOrUpdate],methods=[POST]}, public pers.jd.entity.ResultGetAllPaging pers.jd.controller.MaterialController.fuzzySearch(java.lang.String)={[/material/fuzzySearch],methods=[GET]}, public pers.jd.entity.ResultSet pers.jd.controller.MaterialController.insertOrUpdateBatch(java.util.List)={[/material/insertOrUpdateBatch]}, public pers.jd.entity.ResultSet pers.jd.controller.MaterialController.delete(long)={[/material/delete],methods=[GET]}}
18:40:26.598 [main] INFO org.springframework.web.servlet.mvc.method.annotation.RequestMappingHandlerMapping - Mapped "{[/material/getAll],methods=[GET]}" onto public java.util.List<pers.jd.entity.Material> pers.jd.controller.MaterialController.getAll()
18:40:26.607 [main] INFO org.springframework.web.servlet.mvc.method.annotation.RequestMappingHandlerMapping - Mapped "{[/material/getOne],methods=[GET]}" onto public pers.jd.entity.Material pers.jd.controller.MaterialController.getOne(long)
18:40:26.608 [main] INFO org.springframework.web.servlet.mvc.method.annotation.RequestMappingHandlerMapping - Mapped "{[/material/getAllPaging],methods=[GET]}" onto public pers.jd.entity.ResultGetAllPaging pers.jd.controller.MaterialController.getAllPaging(long,long)
18:40:26.610 [main] INFO org.springframework.web.servlet.mvc.method.annotation.RequestMappingHandlerMapping - Mapped "{[/material/insertOrUpdate],methods=[POST]}" onto public pers.jd.entity.ResultSet<java.lang.Object> pers.jd.controller.MaterialController.insertOrUpdate(pers.jd.entity.Material)
18:40:26.611 [main] INFO org.springframework.web.servlet.mvc.method.annotation.RequestMappingHandlerMapping - Mapped "{[/material/fuzzySearch],methods=[GET]}" onto public pers.jd.entity.ResultGetAllPaging pers.jd.controller.MaterialController.fuzzySearch(java.lang.String)
18:40:26.613 [main] INFO org.springframework.web.servlet.mvc.method.annotation.RequestMappingHandlerMapping - Mapped "{[/material/insertOrUpdateBatch]}" onto public pers.jd.entity.ResultSet<java.lang.Object> pers.jd.controller.MaterialController.insertOrUpdateBatch(java.util.List<pers.jd.entity.Material>)
18:40:26.620 [main] INFO org.springframework.web.servlet.mvc.method.annotation.RequestMappingHandlerMapping - Mapped "{[/material/delete],methods=[GET]}" onto public pers.jd.entity.ResultSet<java.lang.Object> pers.jd.controller.MaterialController.delete(long)
18:40:27.315 [main] DEBUG org.jboss.logging - Logging Provider: org.jboss.logging.Log4j2LoggerProvider
18:40:27.317 [main] INFO org.hibernate.validator.internal.util.Version - HV000001: Hibernate Validator 6.0.10.Final
18:40:27.330 [main] DEBUG org.hibernate.validator.internal.engine.resolver.TraversableResolvers - Cannot find javax.persistence.Persistence on classpath. Assuming non JPA 2 environment. All properties will per default be traversable.
18:40:27.349 [main] DEBUG org.hibernate.validator.messageinterpolation.ResourceBundleMessageInterpolator - Loaded expression factory via original TCCL
18:40:27.350 [main] DEBUG org.hibernate.validator.internal.engine.ConfigurationImpl - Setting custom MessageInterpolator of type org.springframework.validation.beanvalidation.LocaleContextMessageInterpolator
18:40:27.351 [main] DEBUG org.hibernate.validator.internal.engine.ConfigurationImpl - Setting custom ParameterNameProvider of type org.springframework.validation.beanvalidation.LocalValidatorFactoryBean$1
18:40:27.357 [main] DEBUG org.hibernate.validator.internal.xml.ValidationXmlParser - Trying to load META-INF/validation.xml for XML based Validator configuration.
18:40:27.358 [main] DEBUG org.hibernate.validator.internal.xml.ResourceLoaderHelper - Trying to load META-INF/validation.xml via TCCL
18:40:27.359 [main] DEBUG org.hibernate.validator.internal.xml.ResourceLoaderHelper - Trying to load META-INF/validation.xml via Hibernate Validator's class loader
18:40:27.359 [main] DEBUG org.hibernate.validator.internal.xml.ValidationXmlParser - No META-INF/validation.xml found. Using annotation based configuration only.
18:40:27.587 [main] DEBUG org.hibernate.validator.internal.engine.ValidatorFactoryImpl - HV000234: Using org.springframework.validation.beanvalidation.LocaleContextMessageInterpolator as ValidatorFactory-scoped message interpolator.
18:40:27.587 [main] DEBUG org.hibernate.validator.internal.engine.ValidatorFactoryImpl - HV000234: Using org.hibernate.validator.internal.engine.resolver.TraverseAllTraversableResolver as ValidatorFactory-scoped traversable resolver.
18:40:27.587 [main] DEBUG org.hibernate.validator.internal.engine.ValidatorFactoryImpl - HV000234: Using org.hibernate.validator.internal.util.ExecutableParameterNameProvider as ValidatorFactory-scoped parameter name provider.
18:40:27.587 [main] DEBUG org.hibernate.validator.internal.engine.ValidatorFactoryImpl - HV000234: Using org.hibernate.validator.internal.engine.DefaultClockProvider as ValidatorFactory-scoped clock provider.
18:40:27.588 [main] DEBUG org.hibernate.validator.internal.engine.ValidatorFactoryImpl - HV000234: Using org.hibernate.validator.internal.engine.scripting.DefaultScriptEvaluatorFactory as ValidatorFactory-scoped script evaluator factory.
18:40:27.639 [main] INFO org.springframework.web.servlet.mvc.method.annotation.RequestMappingHandlerAdapter - Looking for @ControllerAdvice: org.springframework.test.web.servlet.setup.StubWebApplicationContext@24a35978
18:40:27.755 [main] DEBUG org.springframework.web.servlet.mvc.method.annotation.ExceptionHandlerExceptionResolver - Looking for exception mappings: org.springframework.test.web.servlet.setup.StubWebApplicationContext@24a35978
18:40:27.846 [main] DEBUG org.springframework.test.web.servlet.TestDispatcherServlet - Initializing servlet ''
18:40:27.850 [main] INFO org.springframework.mock.web.MockServletContext - Initializing Spring FrameworkServlet ''
18:40:27.851 [main] INFO org.springframework.test.web.servlet.TestDispatcherServlet - FrameworkServlet '': initialization started
18:40:27.858 [main] DEBUG org.springframework.test.web.servlet.TestDispatcherServlet - Unable to locate MultipartResolver with name 'multipartResolver': no multipart request handling provided
18:40:27.858 [main] DEBUG org.springframework.test.web.servlet.TestDispatcherServlet - Using LocaleResolver [org.springframework.web.servlet.i18n.AcceptHeaderLocaleResolver@6111ba37]
18:40:27.859 [main] DEBUG org.springframework.test.web.servlet.TestDispatcherServlet - Using ThemeResolver [org.springframework.web.servlet.theme.FixedThemeResolver@7be58f16]
18:40:27.861 [main] DEBUG org.springframework.test.web.servlet.TestDispatcherServlet - Using RequestToViewNameTranslator [org.springframework.web.servlet.view.DefaultRequestToViewNameTranslator@242aa8d9]
18:40:27.863 [main] DEBUG org.springframework.test.web.servlet.TestDispatcherServlet - Using FlashMapManager [org.springframework.web.servlet.support.SessionFlashMapManager@5b11a194]
18:40:27.864 [main] DEBUG org.springframework.test.web.servlet.TestDispatcherServlet - Published WebApplicationContext of servlet '' as ServletContext attribute with name [org.springframework.web.servlet.FrameworkServlet.CONTEXT.]
18:40:27.864 [main] INFO org.springframework.test.web.servlet.TestDispatcherServlet - FrameworkServlet '': initialization completed in 12 ms
18:40:27.865 [main] DEBUG org.springframework.test.web.servlet.TestDispatcherServlet - Servlet '' configured successfully
18:40:27.933 [main] DEBUG org.springframework.test.web.servlet.TestDispatcherServlet - DispatcherServlet with name '' processing GET request for [/material/getAll]
18:40:27.935 [main] DEBUG org.springframework.web.servlet.mvc.method.annotation.RequestMappingHandlerMapping - Looking up handler method for path /material/getAll
18:40:27.940 [main] DEBUG org.springframework.web.servlet.mvc.method.annotation.RequestMappingHandlerMapping - Returning handler method [public java.util.List<pers.jd.entity.Material> pers.jd.controller.MaterialController.getAll()]
18:40:27.941 [main] DEBUG org.springframework.test.web.servlet.TestDispatcherServlet - Last-Modified value for [/material/getAll] is: -1
18:40:27.960 [main] DEBUG org.springframework.web.servlet.mvc.method.annotation.ExceptionHandlerExceptionResolver - Resolving exception from handler [public java.util.List<pers.jd.entity.Material> pers.jd.controller.MaterialController.getAll()]: java.lang.NullPointerException
18:40:27.963 [main] DEBUG org.springframework.web.servlet.mvc.annotation.ResponseStatusExceptionResolver - Resolving exception from handler [public java.util.List<pers.jd.entity.Material> pers.jd.controller.MaterialController.getAll()]: java.lang.NullPointerException
18:40:27.966 [main] DEBUG org.springframework.web.servlet.mvc.support.DefaultHandlerExceptionResolver - Resolving exception from handler [public java.util.List<pers.jd.entity.Material> pers.jd.controller.MaterialController.getAll()]: java.lang.NullPointerException
18:40:27.972 [main] DEBUG org.springframework.test.web.servlet.TestDispatcherServlet - Could not complete request
java.lang.NullPointerException: null
	at pers.jd.controller.MaterialController.getAll(MaterialController.java:98)
	at sun.reflect.NativeMethodAccessorImpl.invoke0(Native Method)
	at sun.reflect.NativeMethodAccessorImpl.invoke(NativeMethodAccessorImpl.java:62)
	at sun.reflect.DelegatingMethodAccessorImpl.invoke(DelegatingMethodAccessorImpl.java:43)
	at java.lang.reflect.Method.invoke(Method.java:498)
	at org.springframework.web.method.support.InvocableHandlerMethod.doInvoke(InvocableHandlerMethod.java:209)
	at org.springframework.web.method.support.InvocableHandlerMethod.invokeForRequest(InvocableHandlerMethod.java:136)
	at org.springframework.web.servlet.mvc.method.annotation.ServletInvocableHandlerMethod.invokeAndHandle(ServletInvocableHandlerMethod.java:102)
	at org.springframework.web.servlet.mvc.method.annotation.RequestMappingHandlerAdapter.invokeHandlerMethod(RequestMappingHandlerAdapter.java:877)
	at org.springframework.web.servlet.mvc.method.annotation.RequestMappingHandlerAdapter.handleInternal(RequestMappingHandlerAdapter.java:783)
	at org.springframework.web.servlet.mvc.method.AbstractHandlerMethodAdapter.handle(AbstractHandlerMethodAdapter.java:87)
	at org.springframework.web.servlet.DispatcherServlet.doDispatch(DispatcherServlet.java:991)
	at org.springframework.web.servlet.DispatcherServlet.doService(DispatcherServlet.java:925)
	at org.springframework.web.servlet.FrameworkServlet.processRequest(FrameworkServlet.java:974)
	at org.springframework.web.servlet.FrameworkServlet.doGet(FrameworkServlet.java:866)
	at javax.servlet.http.HttpServlet.service(HttpServlet.java:635)
	at org.springframework.web.servlet.FrameworkServlet.service(FrameworkServlet.java:851)
	at org.springframework.test.web.servlet.TestDispatcherServlet.service(TestDispatcherServlet.java:71)
	at javax.servlet.http.HttpServlet.service(HttpServlet.java:742)
	at org.springframework.mock.web.MockFilterChain$ServletFilterProxy.doFilter(MockFilterChain.java:166)
	at org.springframework.mock.web.MockFilterChain.doFilter(MockFilterChain.java:133)
	at org.springframework.test.web.servlet.MockMvc.perform(MockMvc.java:165)
	at pers.jd.controller.MaterialControllerTest.should_get_items_list(MaterialControllerTest.java:90)
	at sun.reflect.NativeMethodAccessorImpl.invoke0(Native Method)
	at sun.reflect.NativeMethodAccessorImpl.invoke(NativeMethodAccessorImpl.java:62)
	at sun.reflect.DelegatingMethodAccessorImpl.invoke(DelegatingMethodAccessorImpl.java:43)
	at java.lang.reflect.Method.invoke(Method.java:498)
	at org.junit.runners.model.FrameworkMethod$1.runReflectiveCall(FrameworkMethod.java:50)
	at org.junit.internal.runners.model.ReflectiveCallable.run(ReflectiveCallable.java:12)
	at org.junit.runners.model.FrameworkMethod.invokeExplosively(FrameworkMethod.java:47)
	at org.junit.internal.runners.statements.InvokeMethod.evaluate(InvokeMethod.java:17)
	at org.junit.internal.runners.statements.RunBefores.evaluate(RunBefores.java:26)
	at org.junit.internal.runners.statements.RunAfters.evaluate(RunAfters.java:27)
	at org.junit.runners.ParentRunner.runLeaf(ParentRunner.java:325)
	at org.junit.runners.BlockJUnit4ClassRunner.runChild(BlockJUnit4ClassRunner.java:78)
	at org.junit.runners.BlockJUnit4ClassRunner.runChild(BlockJUnit4ClassRunner.java:57)
	at org.junit.runners.ParentRunner$3.run(ParentRunner.java:290)
	at org.junit.runners.ParentRunner$1.schedule(ParentRunner.java:71)
	at org.junit.runners.ParentRunner.runChildren(ParentRunner.java:288)
	at org.junit.runners.ParentRunner.access$000(ParentRunner.java:58)
	at org.junit.runners.ParentRunner$2.evaluate(ParentRunner.java:268)
	at org.junit.runners.ParentRunner.run(ParentRunner.java:363)
	at org.apache.maven.surefire.junit4.JUnit4Provider.execute(JUnit4Provider.java:365)
	at org.apache.maven.surefire.junit4.JUnit4Provider.executeWithRerun(JUnit4Provider.java:273)
	at org.apache.maven.surefire.junit4.JUnit4Provider.executeTestSet(JUnit4Provider.java:238)
	at org.apache.maven.surefire.junit4.JUnit4Provider.invoke(JUnit4Provider.java:159)
	at org.apache.maven.surefire.booter.ForkedBooter.invokeProviderInSameClassLoader(ForkedBooter.java:379)
	at org.apache.maven.surefire.booter.ForkedBooter.runSuitesInProcess(ForkedBooter.java:340)
	at org.apache.maven.surefire.booter.ForkedBooter.execute(ForkedBooter.java:125)
	at org.apache.maven.surefire.booter.ForkedBooter.main(ForkedBooter.java:413)
]]></system-out>
  </testcase>
  <testcase name="getAll" classname="pers.jd.controller.MaterialControllerTest" time="0.315">
    <failure message="Status expected:&lt;200&gt; but was:&lt;404&gt;" type="java.lang.AssertionError"><![CDATA[java.lang.AssertionError: Status expected:<200> but was:<404>
	at pers.jd.controller.MaterialControllerTest.getAll(MaterialControllerTest.java:77)
]]></failure>
    <system-out><![CDATA[18:40:27.993 [main] DEBUG org.springframework.core.env.StandardEnvironment - Adding PropertySource 'systemProperties' with lowest search precedence
18:40:27.993 [main] DEBUG org.springframework.core.env.StandardEnvironment - Adding PropertySource 'systemEnvironment' with lowest search precedence
18:40:27.993 [main] DEBUG org.springframework.core.env.StandardEnvironment - Initialized StandardEnvironment with PropertySources [MapPropertySource@276748028 {name='systemProperties', properties={idea.version=2021.3.3, java.runtime.name=Java(TM) SE Runtime Environment, sun.boot.library.path=/Library/Java/JavaVirtualMachines/jdk1.8.0_311.jdk/Contents/Home/jre/lib, java.vm.version=25.311-b11, gopherProxySet=false, java.vm.vendor=Oracle Corporation, java.vendor.url=http://java.oracle.com/, path.separator=:, java.vm.name=Java HotSpot(TM) 64-Bit Server VM, file.encoding.pkg=sun.io, user.country=CN, sun.java.launcher=SUN_STANDARD, sun.os.patch.level=unknown, java.vm.specification.name=Java Virtual Machine Specification, user.dir=/Volumes/Elements SE/BackupData/毕业论文/毕业设计代码/MS_ERP/erp-production, java.runtime.version=1.8.0_311-b11, basedir=/Volumes/Elements SE/BackupData/毕业论文/毕业设计代码/MS_ERP/erp-production, java.awt.graphicsenv=sun.awt.CGraphicsEnvironment, java.endorsed.dirs=/Library/Java/JavaVirtualMachines/jdk1.8.0_311.jdk/Contents/Home/jre/lib/endorsed, os.arch=x86_64, surefire.real.class.path=/Volumes/Elements SE/BackupData/毕业论文/毕业设计代码/MS_ERP/erp-production/target/surefire/surefirebooter3194185437572429259.jar, java.io.tmpdir=/var/folders/b2/2ybj9qc94ldfb8ghb65fqnvw0000gn/T/, line.separator=
, java.vm.specification.vendor=Oracle Corporation, os.name=Mac OS X, sun.jnu.encoding=UTF-8, java.library.path=/Users/asia/Library/Java/Extensions:/Library/Java/Extensions:/Network/Library/Java/Extensions:/System/Library/Java/Extensions:/usr/lib/java:., surefire.test.class.path=/Volumes/Elements SE/BackupData/毕业论文/毕业设计代码/MS_ERP/erp-production/target/test-classes:/Volumes/Elements SE/BackupData/毕业论文/毕业设计代码/MS_ERP/erp-production/target/classes:/Users/asia/.m2/repository/org/springframework/boot/spring-boot-starter-web/2.0.3.RELEASE/spring-boot-starter-web-2.0.3.RELEASE.jar:/Users/asia/.m2/repository/org/springframework/boot/spring-boot-starter/2.0.3.RELEASE/spring-boot-starter-2.0.3.RELEASE.jar:/Users/asia/.m2/repository/org/springframework/boot/spring-boot-starter-logging/2.0.3.RELEASE/spring-boot-starter-logging-2.0.3.RELEASE.jar:/Users/asia/.m2/repository/ch/qos/logback/logback-classic/1.2.3/logback-classic-1.2.3.jar:/Users/asia/.m2/repository/ch/qos/logback/logback-core/1.2.3/logback-core-1.2.3.jar:/Users/asia/.m2/repository/org/apache/logging/log4j/log4j-to-slf4j/2.10.0/log4j-to-slf4j-2.10.0.jar:/Users/asia/.m2/repository/org/slf4j/jul-to-slf4j/1.7.25/jul-to-slf4j-1.7.25.jar:/Users/asia/.m2/repository/javax/annotation/javax.annotation-api/1.3.2/javax.annotation-api-1.3.2.jar:/Users/asia/.m2/repository/org/yaml/snakeyaml/1.19/snakeyaml-1.19.jar:/Users/asia/.m2/repository/org/springframework/boot/spring-boot-starter-json/2.0.3.RELEASE/spring-boot-starter-json-2.0.3.RELEASE.jar:/Users/asia/.m2/repository/com/fasterxml/jackson/datatype/jackson-datatype-jdk8/2.9.6/jackson-datatype-jdk8-2.9.6.jar:/Users/asia/.m2/repository/com/fasterxml/jackson/datatype/jackson-datatype-jsr310/2.9.6/jackson-datatype-jsr310-2.9.6.jar:/Users/asia/.m2/repository/com/fasterxml/jackson/module/jackson-module-parameter-names/2.9.6/jackson-module-parameter-names-2.9.6.jar:/Users/asia/.m2/repository/org/springframework/boot/spring-boot-starter-tomcat/2.0.3.RELEASE/spring-boot-starter-tomcat-2.0.3.RELEASE.jar:/Users/asia/.m2/repository/org/apache/tomcat/embed/tomcat-embed-core/8.5.31/tomcat-embed-core-8.5.31.jar:/Users/asia/.m2/repository/org/apache/tomcat/embed/tomcat-embed-el/8.5.31/tomcat-embed-el-8.5.31.jar:/Users/asia/.m2/repository/org/apache/tomcat/embed/tomcat-embed-websocket/8.5.31/tomcat-embed-websocket-8.5.31.jar:/Users/asia/.m2/repository/org/hibernate/validator/hibernate-validator/6.0.10.Final/hibernate-validator-6.0.10.Final.jar:/Users/asia/.m2/repository/javax/validation/validation-api/2.0.1.Final/validation-api-2.0.1.Final.jar:/Users/asia/.m2/repository/org/jboss/logging/jboss-logging/3.3.2.Final/jboss-logging-3.3.2.Final.jar:/Users/asia/.m2/repository/com/fasterxml/classmate/1.3.4/classmate-1.3.4.jar:/Users/asia/.m2/repository/org/springframework/spring-web/5.0.7.RELEASE/spring-web-5.0.7.RELEASE.jar:/Users/asia/.m2/repository/org/springframework/spring-beans/5.0.7.RELEASE/spring-beans-5.0.7.RELEASE.jar:/Users/asia/.m2/repository/org/springframework/spring-webmvc/5.0.7.RELEASE/spring-webmvc-5.0.7.RELEASE.jar:/Users/asia/.m2/repository/org/springframework/spring-aop/5.0.7.RELEASE/spring-aop-5.0.7.RELEASE.jar:/Users/asia/.m2/repository/org/springframework/spring-context/5.0.7.RELEASE/spring-context-5.0.7.RELEASE.jar:/Users/asia/.m2/repository/org/springframework/spring-expression/5.0.7.RELEASE/spring-expression-5.0.7.RELEASE.jar:/Users/asia/.m2/repository/org/springframework/cloud/spring-cloud-starter-netflix-eureka-client/2.0.0.RELEASE/spring-cloud-starter-netflix-eureka-client-2.0.0.RELEASE.jar:/Users/asia/.m2/repository/org/springframework/cloud/spring-cloud-starter/2.0.0.RELEASE/spring-cloud-starter-2.0.0.RELEASE.jar:/Users/asia/.m2/repository/org/springframework/cloud/spring-cloud-context/2.0.0.RELEASE/spring-cloud-context-2.0.0.RELEASE.jar:/Users/asia/.m2/repository/org/springframework/security/spring-security-rsa/1.0.5.RELEASE/spring-security-rsa-1.0.5.RELEASE.jar:/Users/asia/.m2/repository/org/bouncycastle/bcpkix-jdk15on/1.56/bcpkix-jdk15on-1.56.jar:/Users/asia/.m2/repository/org/bouncycastle/bcprov-jdk15on/1.56/bcprov-jdk15on-1.56.jar:/Users/asia/.m2/repository/org/springframework/cloud/spring-cloud-netflix-core/2.0.0.RELEASE/spring-cloud-netflix-core-2.0.0.RELEASE.jar:/Users/asia/.m2/repository/org/springframework/boot/spring-boot-starter-aop/2.0.3.RELEASE/spring-boot-starter-aop-2.0.3.RELEASE.jar:/Users/asia/.m2/repository/org/aspectj/aspectjweaver/1.8.13/aspectjweaver-1.8.13.jar:/Users/asia/.m2/repository/org/springframework/cloud/spring-cloud-netflix-eureka-client/2.0.0.RELEASE/spring-cloud-netflix-eureka-client-2.0.0.RELEASE.jar:/Users/asia/.m2/repository/com/netflix/eureka/eureka-client/1.9.2/eureka-client-1.9.2.jar:/Users/asia/.m2/repository/org/codehaus/jettison/jettison/1.3.7/jettison-1.3.7.jar:/Users/asia/.m2/repository/stax/stax-api/1.0.1/stax-api-1.0.1.jar:/Users/asia/.m2/repository/com/netflix/netflix-commons/netflix-eventbus/0.3.0/netflix-eventbus-0.3.0.jar:/Users/asia/.m2/repository/com/netflix/netflix-commons/netflix-infix/0.3.0/netflix-infix-0.3.0.jar:/Users/asia/.m2/repository/commons-jxpath/commons-jxpath/1.3/commons-jxpath-1.3.jar:/Users/asia/.m2/repository/org/antlr/antlr-runtime/3.4/antlr-runtime-3.4.jar:/Users/asia/.m2/repository/org/antlr/stringtemplate/3.2.1/stringtemplate-3.2.1.jar:/Users/asia/.m2/repository/antlr/antlr/2.7.7/antlr-2.7.7.jar:/Users/asia/.m2/repository/com/google/code/gson/gson/2.8.5/gson-2.8.5.jar:/Users/asia/.m2/repository/org/apache/commons/commons-math/2.2/commons-math-2.2.jar:/Users/asia/.m2/repository/com/netflix/archaius/archaius-core/0.7.6/archaius-core-0.7.6.jar:/Users/asia/.m2/repository/com/netflix/servo/servo-core/0.12.21/servo-core-0.12.21.jar:/Users/asia/.m2/repository/com/sun/jersey/jersey-core/1.19.1/jersey-core-1.19.1.jar:/Users/asia/.m2/repository/com/sun/jersey/jersey-client/1.19.1/jersey-client-1.19.1.jar:/Users/asia/.m2/repository/com/sun/jersey/contribs/jersey-apache-client4/1.19.1/jersey-apache-client4-1.19.1.jar:/Users/asia/.m2/repository/org/apache/httpcomponents/httpclient/4.5.5/httpclient-4.5.5.jar:/Users/asia/.m2/repository/org/apache/httpcomponents/httpcore/4.4.9/httpcore-4.4.9.jar:/Users/asia/.m2/repository/com/google/inject/guice/4.1.0/guice-4.1.0.jar:/Users/asia/.m2/repository/javax/inject/javax.inject/1/javax.inject-1.jar:/Users/asia/.m2/repository/aopalliance/aopalliance/1.0/aopalliance-1.0.jar:/Users/asia/.m2/repository/com/github/vlsi/compactmap/compactmap/1.2.1/compactmap-1.2.1.jar:/Users/asia/.m2/repository/com/github/andrewoma/dexx/dexx-collections/0.2/dexx-collections-0.2.jar:/Users/asia/.m2/repository/com/fasterxml/jackson/core/jackson-annotations/2.9.0/jackson-annotations-2.9.0.jar:/Users/asia/.m2/repository/com/fasterxml/jackson/core/jackson-core/2.9.6/jackson-core-2.9.6.jar:/Users/asia/.m2/repository/com/netflix/eureka/eureka-core/1.9.2/eureka-core-1.9.2.jar:/Users/asia/.m2/repository/org/codehaus/woodstox/woodstox-core-asl/4.4.1/woodstox-core-asl-4.4.1.jar:/Users/asia/.m2/repository/javax/xml/stream/stax-api/1.0-2/stax-api-1.0-2.jar:/Users/asia/.m2/repository/org/springframework/cloud/spring-cloud-starter-netflix-archaius/2.0.0.RELEASE/spring-cloud-starter-netflix-archaius-2.0.0.RELEASE.jar:/Users/asia/.m2/repository/org/springframework/cloud/spring-cloud-netflix-ribbon/2.0.0.RELEASE/spring-cloud-netflix-ribbon-2.0.0.RELEASE.jar:/Users/asia/.m2/repository/org/springframework/cloud/spring-cloud-netflix-archaius/2.0.0.RELEASE/spring-cloud-netflix-archaius-2.0.0.RELEASE.jar:/Users/asia/.m2/repository/commons-configuration/commons-configuration/1.8/commons-configuration-1.8.jar:/Users/asia/.m2/repository/commons-lang/commons-lang/2.6/commons-lang-2.6.jar:/Users/asia/.m2/repository/org/springframework/cloud/spring-cloud-starter-netflix-ribbon/2.0.0.RELEASE/spring-cloud-starter-netflix-ribbon-2.0.0.RELEASE.jar:/Users/asia/.m2/repository/com/netflix/ribbon/ribbon/2.2.5/ribbon-2.2.5.jar:/Users/asia/.m2/repository/com/netflix/ribbon/ribbon-transport/2.2.5/ribbon-transport-2.2.5.jar:/Users/asia/.m2/repository/io/reactivex/rxnetty-contexts/0.4.9/rxnetty-contexts-0.4.9.jar:/Users/asia/.m2/repository/io/reactivex/rxnetty-servo/0.4.9/rxnetty-servo-0.4.9.jar:/Users/asia/.m2/repository/io/reactivex/rxnetty/0.4.9/rxnetty-0.4.9.jar:/Users/asia/.m2/repository/io/netty/netty-codec-http/4.1.25.Final/netty-codec-http-4.1.25.Final.jar:/Users/asia/.m2/repository/io/netty/netty-codec/4.1.25.Final/netty-codec-4.1.25.Final.jar:/Users/asia/.m2/repository/io/netty/netty-transport-native-epoll/4.1.25.Final/netty-transport-native-epoll-4.1.25.Final.jar:/Users/asia/.m2/repository/io/netty/netty-common/4.1.25.Final/netty-common-4.1.25.Final.jar:/Users/asia/.m2/repository/io/netty/netty-buffer/4.1.25.Final/netty-buffer-4.1.25.Final.jar:/Users/asia/.m2/repository/io/netty/netty-transport-native-unix-common/4.1.25.Final/netty-transport-native-unix-common-4.1.25.Final.jar:/Users/asia/.m2/repository/io/netty/netty-transport/4.1.25.Final/netty-transport-4.1.25.Final.jar:/Users/asia/.m2/repository/io/netty/netty-resolver/4.1.25.Final/netty-resolver-4.1.25.Final.jar:/Users/asia/.m2/repository/com/netflix/ribbon/ribbon-core/2.2.5/ribbon-core-2.2.5.jar:/Users/asia/.m2/repository/com/netflix/ribbon/ribbon-httpclient/2.2.5/ribbon-httpclient-2.2.5.jar:/Users/asia/.m2/repository/commons-collections/commons-collections/3.2.2/commons-collections-3.2.2.jar:/Users/asia/.m2/repository/com/netflix/netflix-commons/netflix-commons-util/0.3.0/netflix-commons-util-0.3.0.jar:/Users/asia/.m2/repository/com/netflix/ribbon/ribbon-loadbalancer/2.2.5/ribbon-loadbalancer-2.2.5.jar:/Users/asia/.m2/repository/com/netflix/netflix-commons/netflix-statistics/0.1.1/netflix-statistics-0.1.1.jar:/Users/asia/.m2/repository/io/reactivex/rxjava/1.3.8/rxjava-1.3.8.jar:/Users/asia/.m2/repository/com/netflix/ribbon/ribbon-eureka/2.2.5/ribbon-eureka-2.2.5.jar:/Users/asia/.m2/repository/com/thoughtworks/xstream/xstream/1.4.10/xstream-1.4.10.jar:/Users/asia/.m2/repository/xmlpull/xmlpull/1.1.3.1/xmlpull-1.1.3.1.jar:/Users/asia/.m2/repository/xpp3/xpp3_min/1.1.4c/xpp3_min-1.1.4c.jar:/Users/asia/.m2/repository/org/springframework/cloud/spring-cloud-starter-openfeign/2.0.0.RELEASE/spring-cloud-starter-openfeign-2.0.0.RELEASE.jar:/Users/asia/.m2/repository/org/springframework/cloud/spring-cloud-openfeign-core/2.0.0.RELEASE/spring-cloud-openfeign-core-2.0.0.RELEASE.jar:/Users/asia/.m2/repository/io/github/openfeign/feign-core/9.5.1/feign-core-9.5.1.jar:/Users/asia/.m2/repository/io/github/openfeign/feign-slf4j/9.5.1/feign-slf4j-9.5.1.jar:/Users/asia/.m2/repository/io/github/openfeign/feign-hystrix/9.5.1/feign-hystrix-9.5.1.jar:/Users/asia/.m2/repository/com/netflix/hystrix/hystrix-core/1.5.12/hystrix-core-1.5.12.jar:/Users/asia/.m2/repository/org/hdrhistogram/HdrHistogram/2.1.9/HdrHistogram-2.1.9.jar:/Users/asia/.m2/repository/io/github/openfeign/feign-java8/9.5.1/feign-java8-9.5.1.jar:/Users/asia/.m2/repository/org/projectlombok/lombok/1.18.22/lombok-1.18.22.jar:/Users/asia/.m2/repository/com/auth0/java-jwt/3.4.0/java-jwt-3.4.0.jar:/Users/asia/.m2/repository/com/fasterxml/jackson/core/jackson-databind/2.9.6/jackson-databind-2.9.6.jar:/Users/asia/.m2/repository/commons-codec/commons-codec/1.11/commons-codec-1.11.jar:/Users/asia/.m2/repository/mysql/mysql-connector-java/8.0.12/mysql-connector-java-8.0.12.jar:/Users/asia/.m2/repository/com/google/protobuf/protobuf-java/2.6.0/protobuf-java-2.6.0.jar:/Users/asia/.m2/repository/com/alibaba/druid/1.1.21/druid-1.1.21.jar:/Users/asia/.m2/repository/com/alibaba/druid-spring-boot-starter/1.1.10/druid-spring-boot-starter-1.1.10.jar:/Users/asia/.m2/repository/org/slf4j/slf4j-api/1.7.25/slf4j-api-1.7.25.jar:/Users/asia/.m2/repository/org/springframework/boot/spring-boot-autoconfigure/2.0.3.RELEASE/spring-boot-autoconfigure-2.0.3.RELEASE.jar:/Users/asia/.m2/repository/com/baomidou/mybatis-plus-boot-starter/3.5.0/mybatis-plus-boot-starter-3.5.0.jar:/Users/asia/.m2/repository/com/baomidou/mybatis-plus/3.5.0/mybatis-plus-3.5.0.jar:/Users/asia/.m2/repository/com/baomidou/mybatis-plus-extension/3.5.0/mybatis-plus-extension-3.5.0.jar:/Users/asia/.m2/repository/com/baomidou/mybatis-plus-core/3.5.0/mybatis-plus-core-3.5.0.jar:/Users/asia/.m2/repository/com/baomidou/mybatis-plus-annotation/3.5.0/mybatis-plus-annotation-3.5.0.jar:/Users/asia/.m2/repository/com/github/jsqlparser/jsqlparser/4.3/jsqlparser-4.3.jar:/Users/asia/.m2/repository/org/mybatis/mybatis/3.5.9/mybatis-3.5.9.jar:/Users/asia/.m2/repository/org/mybatis/mybatis-spring/2.0.6/mybatis-spring-2.0.6.jar:/Users/asia/.m2/repository/org/springframework/boot/spring-boot-starter-jdbc/2.0.3.RELEASE/spring-boot-starter-jdbc-2.0.3.RELEASE.jar:/Users/asia/.m2/repository/com/zaxxer/HikariCP/2.7.9/HikariCP-2.7.9.jar:/Users/asia/.m2/repository/org/springframework/spring-jdbc/5.0.7.RELEASE/spring-jdbc-5.0.7.RELEASE.jar:/Users/asia/.m2/repository/org/springframework/spring-tx/5.0.7.RELEASE/spring-tx-5.0.7.RELEASE.jar:/Users/asia/.m2/repository/com/baomidou/mybatis-plus-generator/3.5.1/mybatis-plus-generator-3.5.1.jar:/Users/asia/.m2/repository/org/freemarker/freemarker/2.3.28/freemarker-2.3.28.jar:/Users/asia/.m2/repository/com/alibaba/fastjson/1.2.79/fastjson-1.2.79.jar:/Users/asia/.m2/repository/io/swagger/swagger-jaxrs/1.5.2/swagger-jaxrs-1.5.2.jar:/Users/asia/.m2/repository/com/fasterxml/jackson/dataformat/jackson-dataformat-yaml/2.9.6/jackson-dataformat-yaml-2.9.6.jar:/Users/asia/.m2/repository/com/fasterxml/jackson/dataformat/jackson-dataformat-xml/2.9.6/jackson-dataformat-xml-2.9.6.jar:/Users/asia/.m2/repository/com/fasterxml/jackson/module/jackson-module-jaxb-annotations/2.9.6/jackson-module-jaxb-annotations-2.9.6.jar:/Users/asia/.m2/repository/org/codehaus/woodstox/stax2-api/3.1.4/stax2-api-3.1.4.jar:/Users/asia/.m2/repository/com/fasterxml/woodstox/woodstox-core/5.0.3/woodstox-core-5.0.3.jar:/Users/asia/.m2/repository/io/swagger/swagger-core/1.5.2/swagger-core-1.5.2.jar:/Users/asia/.m2/repository/org/apache/commons/commons-lang3/3.7/commons-lang3-3.7.jar:/Users/asia/.m2/repository/com/fasterxml/jackson/datatype/jackson-datatype-joda/2.9.6/jackson-datatype-joda-2.9.6.jar:/Users/asia/.m2/repository/joda-time/joda-time/2.9.9/joda-time-2.9.9.jar:/Users/asia/.m2/repository/io/swagger/swagger-models/1.5.2/swagger-models-1.5.2.jar:/Users/asia/.m2/repository/io/swagger/swagger-annotations/1.5.2/swagger-annotations-1.5.2.jar:/Users/asia/.m2/repository/javax/ws/rs/jsr311-api/1.1.1/jsr311-api-1.1.1.jar:/Users/asia/.m2/repository/org/reflections/reflections/0.9.9/reflections-0.9.9.jar:/Users/asia/.m2/repository/org/javassist/javassist/3.18.2-GA/javassist-3.18.2-GA.jar:/Users/asia/.m2/repository/com/google/code/findbugs/annotations/2.0.1/annotations-2.0.1.jar:/Users/asia/.m2/repository/com/google/guava/guava/18.0/guava-18.0.jar:/Users/asia/.m2/repository/com/fasterxml/jackson/jaxrs/jackson-jaxrs-json-provider/2.9.6/jackson-jaxrs-json-provider-2.9.6.jar:/Users/asia/.m2/repository/com/fasterxml/jackson/jaxrs/jackson-jaxrs-base/2.9.6/jackson-jaxrs-base-2.9.6.jar:/Users/asia/.m2/repository/org/springframework/spring-test/5.0.7.RELEASE/spring-test-5.0.7.RELEASE.jar:/Users/asia/.m2/repository/org/springframework/spring-core/5.0.7.RELEASE/spring-core-5.0.7.RELEASE.jar:/Users/asia/.m2/repository/org/springframework/spring-jcl/5.0.7.RELEASE/spring-jcl-5.0.7.RELEASE.jar:/Users/asia/.m2/repository/org/springframework/boot/spring-boot-starter-test/2.0.3.RELEASE/spring-boot-starter-test-2.0.3.RELEASE.jar:/Users/asia/.m2/repository/org/springframework/boot/spring-boot-test-autoconfigure/2.0.3.RELEASE/spring-boot-test-autoconfigure-2.0.3.RELEASE.jar:/Users/asia/.m2/repository/com/jayway/jsonpath/json-path/2.4.0/json-path-2.4.0.jar:/Users/asia/.m2/repository/net/minidev/json-smart/2.3/json-smart-2.3.jar:/Users/asia/.m2/repository/net/minidev/accessors-smart/1.2/accessors-smart-1.2.jar:/Users/asia/.m2/repository/org/ow2/asm/asm/5.0.4/asm-5.0.4.jar:/Users/asia/.m2/repository/org/assertj/assertj-core/3.9.1/assertj-core-3.9.1.jar:/Users/asia/.m2/repository/org/mockito/mockito-core/2.15.0/mockito-core-2.15.0.jar:/Users/asia/.m2/repository/net/bytebuddy/byte-buddy/1.7.11/byte-buddy-1.7.11.jar:/Users/asia/.m2/repository/net/bytebuddy/byte-buddy-agent/1.7.11/byte-buddy-agent-1.7.11.jar:/Users/asia/.m2/repository/org/objenesis/objenesis/2.6/objenesis-2.6.jar:/Users/asia/.m2/repository/org/hamcrest/hamcrest-core/1.3/hamcrest-core-1.3.jar:/Users/asia/.m2/repository/org/hamcrest/hamcrest-library/1.3/hamcrest-library-1.3.jar:/Users/asia/.m2/repository/org/skyscreamer/jsonassert/1.5.0/jsonassert-1.5.0.jar:/Users/asia/.m2/repository/com/vaadin/external/google/android-json/0.0.20131108.vaadin1/android-json-0.0.20131108.vaadin1.jar:/Users/asia/.m2/repository/org/xmlunit/xmlunit-core/2.5.1/xmlunit-core-2.5.1.jar:/Users/asia/.m2/repository/org/springframework/cloud/spring-cloud-commons/2.0.0.RELEASE/spring-cloud-commons-2.0.0.RELEASE.jar:/Users/asia/.m2/repository/org/springframework/security/spring-security-crypto/5.0.6.RELEASE/spring-security-crypto-5.0.6.RELEASE.jar:/Users/asia/.m2/repository/org/springframework/boot/spring-boot-test/2.0.3.RELEASE/spring-boot-test-2.0.3.RELEASE.jar:/Users/asia/.m2/repository/org/springframework/boot/spring-boot/2.0.3.RELEASE/spring-boot-2.0.3.RELEASE.jar:/Users/asia/.m2/repository/org/apache/logging/log4j/log4j-api/2.17.1/log4j-api-2.17.1.jar:/Users/asia/.m2/repository/org/apache/logging/log4j/log4j-core/2.17.1/log4j-core-2.17.1.jar:/Users/asia/.m2/repository/junit/junit/4.12/junit-4.12.jar:/Users/asia/.m2/repository/cn/hutool/hutool-all/4.3.1/hutool-all-4.3.1.jar:, java.specification.name=Java Platform API Specification, java.class.version=52.0, sun.management.compiler=HotSpot 64-Bit Tiered Compilers, os.version=10.16, user.home=/Users/asia, user.timezone=Asia/Shanghai, java.awt.printerjob=sun.lwawt.macosx.CPrinterJob, file.encoding=UTF-8, java.specification.version=1.8, java.class.path=/Volumes/Elements SE/BackupData/毕业论文/毕业设计代码/MS_ERP/erp-production/target/test-classes:/Volumes/Elements SE/BackupData/毕业论文/毕业设计代码/MS_ERP/erp-production/target/classes:/Users/asia/.m2/repository/org/springframework/boot/spring-boot-starter-web/2.0.3.RELEASE/spring-boot-starter-web-2.0.3.RELEASE.jar:/Users/asia/.m2/repository/org/springframework/boot/spring-boot-starter/2.0.3.RELEASE/spring-boot-starter-2.0.3.RELEASE.jar:/Users/asia/.m2/repository/org/springframework/boot/spring-boot-starter-logging/2.0.3.RELEASE/spring-boot-starter-logging-2.0.3.RELEASE.jar:/Users/asia/.m2/repository/ch/qos/logback/logback-classic/1.2.3/logback-classic-1.2.3.jar:/Users/asia/.m2/repository/ch/qos/logback/logback-core/1.2.3/logback-core-1.2.3.jar:/Users/asia/.m2/repository/org/apache/logging/log4j/log4j-to-slf4j/2.10.0/log4j-to-slf4j-2.10.0.jar:/Users/asia/.m2/repository/org/slf4j/jul-to-slf4j/1.7.25/jul-to-slf4j-1.7.25.jar:/Users/asia/.m2/repository/javax/annotation/javax.annotation-api/1.3.2/javax.annotation-api-1.3.2.jar:/Users/asia/.m2/repository/org/yaml/snakeyaml/1.19/snakeyaml-1.19.jar:/Users/asia/.m2/repository/org/springframework/boot/spring-boot-starter-json/2.0.3.RELEASE/spring-boot-starter-json-2.0.3.RELEASE.jar:/Users/asia/.m2/repository/com/fasterxml/jackson/datatype/jackson-datatype-jdk8/2.9.6/jackson-datatype-jdk8-2.9.6.jar:/Users/asia/.m2/repository/com/fasterxml/jackson/datatype/jackson-datatype-jsr310/2.9.6/jackson-datatype-jsr310-2.9.6.jar:/Users/asia/.m2/repository/com/fasterxml/jackson/module/jackson-module-parameter-names/2.9.6/jackson-module-parameter-names-2.9.6.jar:/Users/asia/.m2/repository/org/springframework/boot/spring-boot-starter-tomcat/2.0.3.RELEASE/spring-boot-starter-tomcat-2.0.3.RELEASE.jar:/Users/asia/.m2/repository/org/apache/tomcat/embed/tomcat-embed-core/8.5.31/tomcat-embed-core-8.5.31.jar:/Users/asia/.m2/repository/org/apache/tomcat/embed/tomcat-embed-el/8.5.31/tomcat-embed-el-8.5.31.jar:/Users/asia/.m2/repository/org/apache/tomcat/embed/tomcat-embed-websocket/8.5.31/tomcat-embed-websocket-8.5.31.jar:/Users/asia/.m2/repository/org/hibernate/validator/hibernate-validator/6.0.10.Final/hibernate-validator-6.0.10.Final.jar:/Users/asia/.m2/repository/javax/validation/validation-api/2.0.1.Final/validation-api-2.0.1.Final.jar:/Users/asia/.m2/repository/org/jboss/logging/jboss-logging/3.3.2.Final/jboss-logging-3.3.2.Final.jar:/Users/asia/.m2/repository/com/fasterxml/classmate/1.3.4/classmate-1.3.4.jar:/Users/asia/.m2/repository/org/springframework/spring-web/5.0.7.RELEASE/spring-web-5.0.7.RELEASE.jar:/Users/asia/.m2/repository/org/springframework/spring-beans/5.0.7.RELEASE/spring-beans-5.0.7.RELEASE.jar:/Users/asia/.m2/repository/org/springframework/spring-webmvc/5.0.7.RELEASE/spring-webmvc-5.0.7.RELEASE.jar:/Users/asia/.m2/repository/org/springframework/spring-aop/5.0.7.RELEASE/spring-aop-5.0.7.RELEASE.jar:/Users/asia/.m2/repository/org/springframework/spring-context/5.0.7.RELEASE/spring-context-5.0.7.RELEASE.jar:/Users/asia/.m2/repository/org/springframework/spring-expression/5.0.7.RELEASE/spring-expression-5.0.7.RELEASE.jar:/Users/asia/.m2/repository/org/springframework/cloud/spring-cloud-starter-netflix-eureka-client/2.0.0.RELEASE/spring-cloud-starter-netflix-eureka-client-2.0.0.RELEASE.jar:/Users/asia/.m2/repository/org/springframework/cloud/spring-cloud-starter/2.0.0.RELEASE/spring-cloud-starter-2.0.0.RELEASE.jar:/Users/asia/.m2/repository/org/springframework/cloud/spring-cloud-context/2.0.0.RELEASE/spring-cloud-context-2.0.0.RELEASE.jar:/Users/asia/.m2/repository/org/springframework/security/spring-security-rsa/1.0.5.RELEASE/spring-security-rsa-1.0.5.RELEASE.jar:/Users/asia/.m2/repository/org/bouncycastle/bcpkix-jdk15on/1.56/bcpkix-jdk15on-1.56.jar:/Users/asia/.m2/repository/org/bouncycastle/bcprov-jdk15on/1.56/bcprov-jdk15on-1.56.jar:/Users/asia/.m2/repository/org/springframework/cloud/spring-cloud-netflix-core/2.0.0.RELEASE/spring-cloud-netflix-core-2.0.0.RELEASE.jar:/Users/asia/.m2/repository/org/springframework/boot/spring-boot-starter-aop/2.0.3.RELEASE/spring-boot-starter-aop-2.0.3.RELEASE.jar:/Users/asia/.m2/repository/org/aspectj/aspectjweaver/1.8.13/aspectjweaver-1.8.13.jar:/Users/asia/.m2/repository/org/springframework/cloud/spring-cloud-netflix-eureka-client/2.0.0.RELEASE/spring-cloud-netflix-eureka-client-2.0.0.RELEASE.jar:/Users/asia/.m2/repository/com/netflix/eureka/eureka-client/1.9.2/eureka-client-1.9.2.jar:/Users/asia/.m2/re
[...]
pository/xmlpull/xmlpull/1.1.3.1/xmlpull-1.1.3.1.jar:/Users/asia/.m2/repository/xpp3/xpp3_min/1.1.4c/xpp3_min-1.1.4c.jar:/Users/asia/.m2/repository/org/springframework/cloud/spring-cloud-starter-openfeign/2.0.0.RELEASE/spring-cloud-starter-openfeign-2.0.0.RELEASE.jar:/Users/asia/.m2/repository/org/springframework/cloud/spring-cloud-openfeign-core/2.0.0.RELEASE/spring-cloud-openfeign-core-2.0.0.RELEASE.jar:/Users/asia/.m2/repository/io/github/openfeign/feign-core/9.5.1/feign-core-9.5.1.jar:/Users/asia/.m2/repository/io/github/openfeign/feign-slf4j/9.5.1/feign-slf4j-9.5.1.jar:/Users/asia/.m2/repository/io/github/openfeign/feign-hystrix/9.5.1/feign-hystrix-9.5.1.jar:/Users/asia/.m2/repository/com/netflix/hystrix/hystrix-core/1.5.12/hystrix-core-1.5.12.jar:/Users/asia/.m2/repository/org/hdrhistogram/HdrHistogram/2.1.9/HdrHistogram-2.1.9.jar:/Users/asia/.m2/repository/io/github/openfeign/feign-java8/9.5.1/feign-java8-9.5.1.jar:/Users/asia/.m2/repository/org/projectlombok/lombok/1.18.22/lombok-1.18.22.jar:/Users/asia/.m2/repository/com/auth0/java-jwt/3.4.0/java-jwt-3.4.0.jar:/Users/asia/.m2/repository/com/fasterxml/jackson/core/jackson-databind/2.9.6/jackson-databind-2.9.6.jar:/Users/asia/.m2/repository/commons-codec/commons-codec/1.11/commons-codec-1.11.jar:/Users/asia/.m2/repository/mysql/mysql-connector-java/8.0.12/mysql-connector-java-8.0.12.jar:/Users/asia/.m2/repository/com/google/protobuf/protobuf-java/2.6.0/protobuf-java-2.6.0.jar:/Users/asia/.m2/repository/com/alibaba/druid/1.1.21/druid-1.1.21.jar:/Users/asia/.m2/repository/com/alibaba/druid-spring-boot-starter/1.1.10/druid-spring-boot-starter-1.1.10.jar:/Users/asia/.m2/repository/org/slf4j/slf4j-api/1.7.25/slf4j-api-1.7.25.jar:/Users/asia/.m2/repository/org/springframework/boot/spring-boot-autoconfigure/2.0.3.RELEASE/spring-boot-autoconfigure-2.0.3.RELEASE.jar:/Users/asia/.m2/repository/com/baomidou/mybatis-plus-boot-starter/3.5.0/mybatis-plus-boot-starter-3.5.0.jar:/Users/asia/.m2/repository/com/baomidou/mybatis-plus/3.5.0/mybatis-plus-3.5.0.jar:/Users/asia/.m2/repository/com/baomidou/mybatis-plus-extension/3.5.0/mybatis-plus-extension-3.5.0.jar:/Users/asia/.m2/repository/com/baomidou/mybatis-plus-core/3.5.0/mybatis-plus-core-3.5.0.jar:/Users/asia/.m2/repository/com/baomidou/mybatis-plus-annotation/3.5.0/mybatis-plus-annotation-3.5.0.jar:/Users/asia/.m2/repository/com/github/jsqlparser/jsqlparser/4.3/jsqlparser-4.3.jar:/Users/asia/.m2/repository/org/mybatis/mybatis/3.5.9/mybatis-3.5.9.jar:/Users/asia/.m2/repository/org/mybatis/mybatis-spring/2.0.6/mybatis-spring-2.0.6.jar:/Users/asia/.m2/repository/org/springframework/boot/spring-boot-starter-jdbc/2.0.3.RELEASE/spring-boot-starter-jdbc-2.0.3.RELEASE.jar:/Users/asia/.m2/repository/com/zaxxer/HikariCP/2.7.9/HikariCP-2.7.9.jar:/Users/asia/.m2/repository/org/springframework/spring-jdbc/5.0.7.RELEASE/spring-jdbc-5.0.7.RELEASE.jar:/Users/asia/.m2/repository/org/springframework/spring-tx/5.0.7.RELEASE/spring-tx-5.0.7.RELEASE.jar:/Users/asia/.m2/repository/com/baomidou/mybatis-plus-generator/3.5.1/mybatis-plus-generator-3.5.1.jar:/Users/asia/.m2/repository/org/freemarker/freemarker/2.3.28/freemarker-2.3.28.jar:/Users/asia/.m2/repository/com/alibaba/fastjson/1.2.79/fastjson-1.2.79.jar:/Users/asia/.m2/repository/io/swagger/swagger-jaxrs/1.5.2/swagger-jaxrs-1.5.2.jar:/Users/asia/.m2/repository/com/fasterxml/jackson/dataformat/jackson-dataformat-yaml/2.9.6/jackson-dataformat-yaml-2.9.6.jar:/Users/asia/.m2/repository/com/fasterxml/jackson/dataformat/jackson-dataformat-xml/2.9.6/jackson-dataformat-xml-2.9.6.jar:/Users/asia/.m2/repository/com/fasterxml/jackson/module/jackson-module-jaxb-annotations/2.9.6/jackson-module-jaxb-annotations-2.9.6.jar:/Users/asia/.m2/repository/org/codehaus/woodstox/stax2-api/3.1.4/stax2-api-3.1.4.jar:/Users/asia/.m2/repository/com/fasterxml/woodstox/woodstox-core/5.0.3/woodstox-core-5.0.3.jar:/Users/asia/.m2/repository/io/swagger/swagger-core/1.5.2/swagger-core-1.5.2.jar:/Users/asia/.m2/repository/org/apache/commons/commons-lang3/3.7/commons-lang3-3.7.jar:/Users/asia/.m2/repository/com/fasterxml/jackson/datatype/jackson-datatype-joda/2.9.6/jackson-datatype-joda-2.9.6.jar:/Users/asia/.m2/repository/joda-time/joda-time/2.9.9/joda-time-2.9.9.jar:/Users/asia/.m2/repository/io/swagger/swagger-models/1.5.2/swagger-models-1.5.2.jar:/Users/asia/.m2/repository/io/swagger/swagger-annotations/1.5.2/swagger-annotations-1.5.2.jar:/Users/asia/.m2/repository/javax/ws/rs/jsr311-api/1.1.1/jsr311-api-1.1.1.jar:/Users/asia/.m2/repository/org/reflections/reflections/0.9.9/reflections-0.9.9.jar:/Users/asia/.m2/repository/org/javassist/javassist/3.18.2-GA/javassist-3.18.2-GA.jar:/Users/asia/.m2/repository/com/google/code/findbugs/annotations/2.0.1/annotations-2.0.1.jar:/Users/asia/.m2/repository/com/google/guava/guava/18.0/guava-18.0.jar:/Users/asia/.m2/repository/com/fasterxml/jackson/jaxrs/jackson-jaxrs-json-provider/2.9.6/jackson-jaxrs-json-provider-2.9.6.jar:/Users/asia/.m2/repository/com/fasterxml/jackson/jaxrs/jackson-jaxrs-base/2.9.6/jackson-jaxrs-base-2.9.6.jar:/Users/asia/.m2/repository/org/springframework/spring-test/5.0.7.RELEASE/spring-test-5.0.7.RELEASE.jar:/Users/asia/.m2/repository/org/springframework/spring-core/5.0.7.RELEASE/spring-core-5.0.7.RELEASE.jar:/Users/asia/.m2/repository/org/springframework/spring-jcl/5.0.7.RELEASE/spring-jcl-5.0.7.RELEASE.jar:/Users/asia/.m2/repository/org/springframework/boot/spring-boot-starter-test/2.0.3.RELEASE/spring-boot-starter-test-2.0.3.RELEASE.jar:/Users/asia/.m2/repository/org/springframework/boot/spring-boot-test-autoconfigure/2.0.3.RELEASE/spring-boot-test-autoconfigure-2.0.3.RELEASE.jar:/Users/asia/.m2/repository/com/jayway/jsonpath/json-path/2.4.0/json-path-2.4.0.jar:/Users/asia/.m2/repository/net/minidev/json-smart/2.3/json-smart-2.3.jar:/Users/asia/.m2/repository/net/minidev/accessors-smart/1.2/accessors-smart-1.2.jar:/Users/asia/.m2/repository/org/ow2/asm/asm/5.0.4/asm-5.0.4.jar:/Users/asia/.m2/repository/org/assertj/assertj-core/3.9.1/assertj-core-3.9.1.jar:/Users/asia/.m2/repository/org/mockito/mockito-core/2.15.0/mockito-core-2.15.0.jar:/Users/asia/.m2/repository/net/bytebuddy/byte-buddy/1.7.11/byte-buddy-1.7.11.jar:/Users/asia/.m2/repository/net/bytebuddy/byte-buddy-agent/1.7.11/byte-buddy-agent-1.7.11.jar:/Users/asia/.m2/repository/org/objenesis/objenesis/2.6/objenesis-2.6.jar:/Users/asia/.m2/repository/org/hamcrest/hamcrest-core/1.3/hamcrest-core-1.3.jar:/Users/asia/.m2/repository/org/hamcrest/hamcrest-library/1.3/hamcrest-library-1.3.jar:/Users/asia/.m2/repository/org/skyscreamer/jsonassert/1.5.0/jsonassert-1.5.0.jar:/Users/asia/.m2/repository/com/vaadin/external/google/android-json/0.0.20131108.vaadin1/android-json-0.0.20131108.vaadin1.jar:/Users/asia/.m2/repository/org/xmlunit/xmlunit-core/2.5.1/xmlunit-core-2.5.1.jar:/Users/asia/.m2/repository/org/springframework/cloud/spring-cloud-commons/2.0.0.RELEASE/spring-cloud-commons-2.0.0.RELEASE.jar:/Users/asia/.m2/repository/org/springframework/security/spring-security-crypto/5.0.6.RELEASE/spring-security-crypto-5.0.6.RELEASE.jar:/Users/asia/.m2/repository/org/springframework/boot/spring-boot-test/2.0.3.RELEASE/spring-boot-test-2.0.3.RELEASE.jar:/Users/asia/.m2/repository/org/springframework/boot/spring-boot/2.0.3.RELEASE/spring-boot-2.0.3.RELEASE.jar:/Users/asia/.m2/repository/org/apache/logging/log4j/log4j-api/2.17.1/log4j-api-2.17.1.jar:/Users/asia/.m2/repository/org/apache/logging/log4j/log4j-core/2.17.1/log4j-core-2.17.1.jar:/Users/asia/.m2/repository/junit/junit/4.12/junit-4.12.jar:/Users/asia/.m2/repository/cn/hutool/hutool-all/4.3.1/hutool-all-4.3.1.jar:, user.name=asia, java.vm.specification.version=1.8, sun.java.command=/Volumes/Elements SE/BackupData/毕业论文/毕业设计代码/MS_ERP/erp-production/target/surefire/surefirebooter3194185437572429259.jar /Volumes/Elements SE/BackupData/毕业论文/毕业设计代码/MS_ERP/erp-production/target/surefire 2022-04-09T18-39-38_908-jvmRun1 surefire5552614695784411404tmp surefire_03495402514995483312tmp, java.home=/Library/Java/JavaVirtualMachines/jdk1.8.0_311.jdk/Contents/Home/jre, sun.arch.data.model=64, user.language=zh, java.specification.vendor=Oracle Corporation, awt.toolkit=sun.lwawt.macosx.LWCToolkit, java.vm.info=mixed mode, java.version=1.8.0_311, java.ext.dirs=/Users/asia/Library/Java/Extensions:/Library/Java/JavaVirtualMachines/jdk1.8.0_311.jdk/Contents/Home/jre/lib/ext:/Library/Java/Extensions:/Network/Library/Java/Extensions:/System/Library/Java/Extensions:/usr/lib/java, sun.boot.class.path=/Library/Java/JavaVirtualMachines/jdk1.8.0_311.jdk/Contents/Home/jre/lib/resources.jar:/Library/Java/JavaVirtualMachines/jdk1.8.0_311.jdk/Contents/Home/jre/lib/rt.jar:/Library/Java/JavaVirtualMachines/jdk1.8.0_311.jdk/Contents/Home/jre/lib/sunrsasign.jar:/Library/Java/JavaVirtualMachines/jdk1.8.0_311.jdk/Contents/Home/jre/lib/jsse.jar:/Library/Java/JavaVirtualMachines/jdk1.8.0_311.jdk/Contents/Home/jre/lib/jce.jar:/Library/Java/JavaVirtualMachines/jdk1.8.0_311.jdk/Contents/Home/jre/lib/charsets.jar:/Library/Java/JavaVirtualMachines/jdk1.8.0_311.jdk/Contents/Home/jre/lib/jfr.jar:/Library/Java/JavaVirtualMachines/jdk1.8.0_311.jdk/Contents/Home/jre/classes, java.vendor=Oracle Corporation, localRepository=/Users/asia/.m2/repository, file.separator=/, java.vendor.url.bug=http://bugreport.sun.com/bugreport/, sun.io.unicode.encoding=UnicodeBig, sun.cpu.endian=little, sun.cpu.isalist=}}, SystemEnvironmentPropertySource@373544591 {name='systemEnvironment', properties={PATH=/Users/asia/.npm-global/bin:/usr/local/bin:/usr/bin:/bin:/usr/sbin:/sbin:./node_modules/.bin, MANPATH=/usr/local/share/man::, IOJS_ORG_MIRROR=https://npm.taobao.org/mirrors/iojs, NVMW_NODEJS_ORG_MIRROR=https://npm.taobao.org/mirrors/node, HOMEBREW_PREFIX=/usr/local, COMMAND_MODE=unix2003, GRADLEO=/Users/asia/enviroment/gradle-6.9.1, LOGNAME=asia, NVM_NODEJS_ORG_MIRROR=https://npm.taobao.org/mirrors/node, NODIST_IOJS_MIRROR=https://npm.taobao.org/mirrors/iojs, HOMEBREW_REPOSITORY=/usr/local/Homebrew, XPC_SERVICE_NAME=0, PWD=/Volumes/Elements SE/BackupData/毕业论文/毕业设计代码/MS_ERP/erp-production, INFOPATH=/usr/local/share/info:, _=/Library/Java/JavaVirtualMachines/jdk1.8.0_311.jdk/Contents/Home/jre/bin/java, __CFBundleIdentifier=com.jetbrains.intellij, NVMW_NPM_MIRROR=https://npm.taobao.org/mirrors/npm, SHELL=/bin/zsh, HOMEBREW_BOTTLE_DOMAIN=https://mirrors.bfsu.edu.cn/homebrew-bottles/bottles, OLDPWD=/Volumes/Elements SE/BackupData/毕业论文/毕业设计代码/MS_ERP/erp-production, HOMEBREW_CELLAR=/usr/local/Cellar, USER=asia, JAVA_MAIN_CLASS_26079=org.apache.maven.surefire.booter.ForkedBooter, TMPDIR=/var/folders/b2/2ybj9qc94ldfb8ghb65fqnvw0000gn/T/, SSH_AUTH_SOCK=/private/tmp/com.apple.launchd.DFADWS9JPu/Listeners, XPC_FLAGS=0x0, JAVA_MAIN_CLASS_25634=org.codehaus.classworlds.Launcher, NVMW_IOJS_ORG_MIRROR=https://npm.taobao.org/mirrors/iojs, NVM_IOJS_ORG_MIRROR=https://npm.taobao.org/mirrors/iojs, M2_HOME=/Users/asia/enviroment/apache-maven-3.8.4, __CF_USER_TEXT_ENCODING=0x1F5:0x19:0x34, NODEJS_ORG_MIRROR=https://npm.taobao.org/mirrors/node, LC_CTYPE=zh_CN.UTF-8, NODIST_NODE_MIRROR=https://npm.taobao.org/mirrors/node, HOME=/Users/asia, SHLVL=1}}]
18:40:28.000 [main] DEBUG org.springframework.web.servlet.mvc.method.annotation.RequestMappingHandlerMapping - Looking for request mappings in application context: org.springframework.test.web.servlet.setup.StubWebApplicationContext@346a361
18:40:28.010 [main] DEBUG org.springframework.web.servlet.mvc.method.annotation.RequestMappingHandlerMapping - 7 request handler methods found on class pers.jd.controller.MaterialController: {public java.util.List pers.jd.controller.MaterialController.getAll()={[/material/getAll],methods=[GET]}, public pers.jd.entity.Material pers.jd.controller.MaterialController.getOne(long)={[/material/getOne],methods=[GET]}, public pers.jd.entity.ResultGetAllPaging pers.jd.controller.MaterialController.getAllPaging(long,long)={[/material/getAllPaging],methods=[GET]}, public pers.jd.entity.ResultSet pers.jd.controller.MaterialController.insertOrUpdate(pers.jd.entity.Material)={[/material/insertOrUpdate],methods=[POST]}, public pers.jd.entity.ResultGetAllPaging pers.jd.controller.MaterialController.fuzzySearch(java.lang.String)={[/material/fuzzySearch],methods=[GET]}, public pers.jd.entity.ResultSet pers.jd.controller.MaterialController.insertOrUpdateBatch(java.util.List)={[/material/insertOrUpdateBatch]}, public pers.jd.entity.ResultSet pers.jd.controller.MaterialController.delete(long)={[/material/delete],methods=[GET]}}
18:40:28.010 [main] INFO org.springframework.web.servlet.mvc.method.annotation.RequestMappingHandlerMapping - Mapped "{[/material/getAll],methods=[GET]}" onto public java.util.List<pers.jd.entity.Material> pers.jd.controller.MaterialController.getAll()
18:40:28.011 [main] INFO org.springframework.web.servlet.mvc.method.annotation.RequestMappingHandlerMapping - Mapped "{[/material/getOne],methods=[GET]}" onto public pers.jd.entity.Material pers.jd.controller.MaterialController.getOne(long)
18:40:28.013 [main] INFO org.springframework.web.servlet.mvc.method.annotation.RequestMappingHandlerMapping - Mapped "{[/material/getAllPaging],methods=[GET]}" onto public pers.jd.entity.ResultGetAllPaging pers.jd.controller.MaterialController.getAllPaging(long,long)
18:40:28.014 [main] INFO org.springframework.web.servlet.mvc.method.annotation.RequestMappingHandlerMapping - Mapped "{[/material/insertOrUpdate],methods=[POST]}" onto public pers.jd.entity.ResultSet<java.lang.Object> pers.jd.controller.MaterialController.insertOrUpdate(pers.jd.entity.Material)
18:40:28.016 [main] INFO org.springframework.web.servlet.mvc.method.annotation.RequestMappingHandlerMapping - Mapped "{[/material/fuzzySearch],methods=[GET]}" onto public pers.jd.entity.ResultGetAllPaging pers.jd.controller.MaterialController.fuzzySearch(java.lang.String)
18:40:28.141 [main] INFO org.springframework.web.servlet.mvc.method.annotation.RequestMappingHandlerMapping - Mapped "{[/material/insertOrUpdateBatch]}" onto public pers.jd.entity.ResultSet<java.lang.Object> pers.jd.controller.MaterialController.insertOrUpdateBatch(java.util.List<pers.jd.entity.Material>)
18:40:28.149 [main] INFO org.springframework.web.servlet.mvc.method.annotation.RequestMappingHandlerMapping - Mapped "{[/material/delete],methods=[GET]}" onto public pers.jd.entity.ResultSet<java.lang.Object> pers.jd.controller.MaterialController.delete(long)
18:40:28.210 [main] DEBUG org.hibernate.validator.internal.engine.resolver.TraversableResolvers - Cannot find javax.persistence.Persistence on classpath. Assuming non JPA 2 environment. All properties will per default be traversable.
18:40:28.216 [main] DEBUG org.hibernate.validator.messageinterpolation.ResourceBundleMessageInterpolator - Loaded expression factory via original TCCL
18:40:28.216 [main] DEBUG org.hibernate.validator.internal.engine.ConfigurationImpl - Setting custom MessageInterpolator of type org.springframework.validation.beanvalidation.LocaleContextMessageInterpolator
18:40:28.216 [main] DEBUG org.hibernate.validator.internal.engine.ConfigurationImpl - Setting custom ParameterNameProvider of type org.springframework.validation.beanvalidation.LocalValidatorFactoryBean$1
18:40:28.217 [main] DEBUG org.hibernate.validator.internal.xml.ValidationXmlParser - Trying to load META-INF/validation.xml for XML based Validator configuration.
18:40:28.217 [main] DEBUG org.hibernate.validator.internal.xml.ResourceLoaderHelper - Trying to load META-INF/validation.xml via TCCL
18:40:28.218 [main] DEBUG org.hibernate.validator.internal.xml.ResourceLoaderHelper - Trying to load META-INF/validation.xml via Hibernate Validator's class loader
18:40:28.219 [main] DEBUG org.hibernate.validator.internal.xml.ValidationXmlParser - No META-INF/validation.xml found. Using annotation based configuration only.
18:40:28.239 [main] DEBUG org.hibernate.validator.internal.engine.ValidatorFactoryImpl - HV000234: Using org.springframework.validation.beanvalidation.LocaleContextMessageInterpolator as ValidatorFactory-scoped message interpolator.
18:40:28.240 [main] DEBUG org.hibernate.validator.internal.engine.ValidatorFactoryImpl - HV000234: Using org.hibernate.validator.internal.engine.resolver.TraverseAllTraversableResolver as ValidatorFactory-scoped traversable resolver.
18:40:28.240 [main] DEBUG org.hibernate.validator.internal.engine.ValidatorFactoryImpl - HV000234: Using org.hibernate.validator.internal.util.ExecutableParameterNameProvider as ValidatorFactory-scoped parameter name provider.
18:40:28.240 [main] DEBUG org.hibernate.validator.internal.engine.ValidatorFactoryImpl - HV000234: Using org.hibernate.validator.internal.engine.DefaultClockProvider as ValidatorFactory-scoped clock provider.
18:40:28.240 [main] DEBUG org.hibernate.validator.internal.engine.ValidatorFactoryImpl - HV000234: Using org.hibernate.validator.internal.engine.scripting.DefaultScriptEvaluatorFactory as ValidatorFactory-scoped script evaluator factory.
18:40:28.241 [main] INFO org.springframework.web.servlet.mvc.method.annotation.RequestMappingHandlerAdapter - Looking for @ControllerAdvice: org.springframework.test.web.servlet.setup.StubWebApplicationContext@346a361
18:40:28.278 [main] DEBUG org.springframework.web.servlet.mvc.method.annotation.ExceptionHandlerExceptionResolver - Looking for exception mappings: org.springframework.test.web.servlet.setup.StubWebApplicationContext@346a361
18:40:28.279 [main] DEBUG org.springframework.test.web.servlet.TestDispatcherServlet - Initializing servlet ''
18:40:28.279 [main] INFO org.springframework.mock.web.MockServletContext - Initializing Spring FrameworkServlet ''
18:40:28.280 [main] INFO org.springframework.test.web.servlet.TestDispatcherServlet - FrameworkServlet '': initialization started
18:40:28.280 [main] DEBUG org.springframework.test.web.servlet.TestDispatcherServlet - Unable to locate MultipartResolver with name 'multipartResolver': no multipart request handling provided
18:40:28.280 [main] DEBUG org.springframework.test.web.servlet.TestDispatcherServlet - Using LocaleResolver [org.springframework.web.servlet.i18n.AcceptHeaderLocaleResolver@410ae9a3]
18:40:28.280 [main] DEBUG org.springframework.test.web.servlet.TestDispatcherServlet - Using ThemeResolver [org.springframework.web.servlet.theme.FixedThemeResolver@319988b0]
18:40:28.291 [main] DEBUG org.springframework.test.web.servlet.TestDispatcherServlet - Using RequestToViewNameTranslator [org.springframework.web.servlet.view.DefaultRequestToViewNameTranslator@d5ae57e]
18:40:28.291 [main] DEBUG org.springframework.test.web.servlet.TestDispatcherServlet - Using FlashMapManager [org.springframework.web.servlet.support.SessionFlashMapManager@68759011]
18:40:28.291 [main] DEBUG org.springframework.test.web.servlet.TestDispatcherServlet - Published WebApplicationContext of servlet '' as ServletContext attribute with name [org.springframework.web.servlet.FrameworkServlet.CONTEXT.]
18:40:28.291 [main] INFO org.springframework.test.web.servlet.TestDispatcherServlet - FrameworkServlet '': initialization completed in 11 ms
18:40:28.292 [main] DEBUG org.springframework.test.web.servlet.TestDispatcherServlet - Servlet '' configured successfully
18:40:28.293 [main] DEBUG org.springframework.test.web.servlet.TestDispatcherServlet - DispatcherServlet with name '' processing GET request for [/material/hello]
18:40:28.298 [main] DEBUG org.springframework.web.servlet.mvc.method.annotation.RequestMappingHandlerMapping - Looking up handler method for path /material/hello
18:40:28.300 [main] DEBUG org.springframework.web.servlet.mvc.method.annotation.RequestMappingHandlerMapping - Did not find handler method for [/material/hello]
18:40:28.300 [main] WARN org.springframework.web.servlet.PageNotFound - No mapping found for HTTP request with URI [/material/hello] in DispatcherServlet with name ''
18:40:28.301 [main] DEBUG org.springframework.test.web.servlet.TestDispatcherServlet - Successfully completed request
]]></system-out>
  </testcase>
</testsuite>